<?xml version="1.0" encoding="UTF-8"?>
<robot generator="Robot 5.0 (Python 3.13.0 on win32)" generated="20241110 21:10:53.877" rpa="false" schemaversion="3">
<suite id="s1" name="Tc01" source="D:\สอน\testcase\tc01.robot">
<test id="s1-t1" name="tc_01" line="6">
<kw name="Go to web notebookspec" library="common_web">
<kw name="Open chrome browser" library="common_web">
<arg>${url}</arg>
<doc>Open chrome browser with so many option to customize.</doc>
<kw name="Evaluate" library="BuiltIn">
<var>${chrome_options}</var>
<arg>sys.modules['selenium.webdriver'].ChromeOptions()</arg>
<arg>sys, selenium.webdriver</arg>
<doc>Evaluates the given expression in Python and returns the result.</doc>
<msg timestamp="20241110 21:10:54.725" level="INFO">${chrome_options} = &lt;selenium.webdriver.chrome.options.Options object at 0x0000026A535C0830&gt;</msg>
<status status="PASS" starttime="20241110 21:10:54.723" endtime="20241110 21:10:54.725"/>
</kw>
<kw name="Call Method" library="BuiltIn">
<arg>${chrome_options}</arg>
<arg>add_argument</arg>
<arg>--disable-infobars</arg>
<doc>Calls the named method of the given object with the provided arguments.</doc>
<status status="PASS" starttime="20241110 21:10:54.725" endtime="20241110 21:10:54.726"/>
</kw>
<kw name="Call Method" library="BuiltIn">
<arg>${chrome_options}</arg>
<arg>add_argument</arg>
<arg>--window-size\=1920,1080</arg>
<doc>Calls the named method of the given object with the provided arguments.</doc>
<status status="PASS" starttime="20241110 21:10:54.726" endtime="20241110 21:10:54.726"/>
</kw>
<kw name="Call Method" library="BuiltIn">
<arg>${chrome_options}</arg>
<arg>add_argument</arg>
<arg>--disable-dev-shm-usage</arg>
<doc>Calls the named method of the given object with the provided arguments.</doc>
<status status="PASS" starttime="20241110 21:10:54.726" endtime="20241110 21:10:54.727"/>
</kw>
<kw name="Call Method" library="BuiltIn">
<arg>${chrome_options}</arg>
<arg>add_argument</arg>
<arg>--disable-gpu</arg>
<doc>Calls the named method of the given object with the provided arguments.</doc>
<status status="PASS" starttime="20241110 21:10:54.727" endtime="20241110 21:10:54.727"/>
</kw>
<kw name="Call Method" library="BuiltIn">
<arg>${chrome_options}</arg>
<arg>add_argument</arg>
<arg>--no-sandbox</arg>
<doc>Calls the named method of the given object with the provided arguments.</doc>
<status status="PASS" starttime="20241110 21:10:54.727" endtime="20241110 21:10:54.727"/>
</kw>
<kw name="Call Method" library="BuiltIn">
<arg>${chrome_options}</arg>
<arg>add_argument</arg>
<arg>--ignore-certificate-errors</arg>
<doc>Calls the named method of the given object with the provided arguments.</doc>
<status status="PASS" starttime="20241110 21:10:54.727" endtime="20241110 21:10:54.727"/>
</kw>
<kw name="Call Method" library="BuiltIn">
<arg>${chrome_options}</arg>
<arg>add_argument</arg>
<arg>--enable-unsafe-swiftshader</arg>
<doc>Calls the named method of the given object with the provided arguments.</doc>
<status status="PASS" starttime="20241110 21:10:54.727" endtime="20241110 21:10:54.728"/>
</kw>
<if>
<branch type="IF" condition="'${extension_full_path}' != '${EMPTY}'">
<kw name="Call Method" library="BuiltIn">
<arg>${chrome_options}</arg>
<arg>add_extension</arg>
<arg>${extension_full_path}</arg>
<doc>Calls the named method of the given object with the provided arguments.</doc>
<status status="NOT RUN" starttime="20241110 21:10:54.728" endtime="20241110 21:10:54.728"/>
</kw>
<status status="NOT RUN" starttime="20241110 21:10:54.728" endtime="20241110 21:10:54.728"/>
</branch>
<status status="PASS" starttime="20241110 21:10:54.728" endtime="20241110 21:10:54.728"/>
</if>
<if>
<branch type="IF" condition="${headless}">
<kw name="Call Method" library="BuiltIn">
<arg>${chrome_options}</arg>
<arg>add_argument</arg>
<arg>--headless</arg>
<doc>Calls the named method of the given object with the provided arguments.</doc>
<status status="NOT RUN" starttime="20241110 21:10:54.729" endtime="20241110 21:10:54.729"/>
</kw>
<kw name="Call Method" library="BuiltIn">
<arg>${chrome_options}</arg>
<arg>add_argument</arg>
<arg>--window-size\=1920,1080</arg>
<doc>Calls the named method of the given object with the provided arguments.</doc>
<status status="NOT RUN" starttime="20241110 21:10:54.729" endtime="20241110 21:10:54.729"/>
</kw>
<status status="NOT RUN" starttime="20241110 21:10:54.728" endtime="20241110 21:10:54.729"/>
</branch>
<status status="PASS" starttime="20241110 21:10:54.728" endtime="20241110 21:10:54.729"/>
</if>
<if>
<branch type="IF" condition="${with_download_dir}">
<kw name="Get Current Date" library="DateTime">
<var>${current_time}</var>
<arg>result_format=%Y%m%d%H%M%S</arg>
<doc>Returns current local or UTC time with an optional increment.</doc>
<msg timestamp="20241110 21:10:54.729" level="INFO">${current_time} = 20241110211054</msg>
<status status="PASS" starttime="20241110 21:10:54.729" endtime="20241110 21:10:54.729"/>
</kw>
<kw name="Join Path" library="OperatingSystem">
<var>${download_directory}</var>
<arg>${OUTPUT_DIR}</arg>
<arg>downloads_${current_time}</arg>
<doc>Joins the given path part(s) to the given base path.</doc>
<msg timestamp="20241110 21:10:54.730" level="INFO">${download_directory} = D:\สอน\testcase\log\downloads_20241110211054</msg>
<status status="PASS" starttime="20241110 21:10:54.729" endtime="20241110 21:10:54.730"/>
</kw>
<kw name="Create Directory" library="OperatingSystem">
<arg>${download_directory}</arg>
<doc>Creates the specified directory.</doc>
<msg timestamp="20241110 21:10:54.730" level="INFO" html="true">Created directory '&lt;a href="file://D:\สอน\testcase\log\downloads_20241110211054"&gt;D:\สอน\testcase\log\downloads_20241110211054&lt;/a&gt;'.</msg>
<status status="PASS" starttime="20241110 21:10:54.730" endtime="20241110 21:10:54.730"/>
</kw>
<kw name="Wait Until Keyword Succeeds" library="BuiltIn">
<arg>5x</arg>
<arg>2s</arg>
<arg>OperatingSystem.Directory Should Exist</arg>
<arg>${download_directory}</arg>
<doc>Runs the specified keyword and retries if it fails.</doc>
<kw name="Directory Should Exist" library="OperatingSystem">
<arg>${download_directory}</arg>
<doc>Fails unless the given path points to an existing directory.</doc>
<msg timestamp="20241110 21:10:54.732" level="INFO" html="true">Directory '&lt;a href="file://D:\สอน\testcase\log\downloads_20241110211054"&gt;D:\สอน\testcase\log\downloads_20241110211054&lt;/a&gt;' exists.</msg>
<status status="PASS" starttime="20241110 21:10:54.731" endtime="20241110 21:10:54.732"/>
</kw>
<status status="PASS" starttime="20241110 21:10:54.730" endtime="20241110 21:10:54.732"/>
</kw>
<kw name="Create Dictionary" library="BuiltIn">
<var>${prefs}</var>
<arg>download.default_directory=${download_directory}</arg>
<doc>Creates and returns a dictionary based on the given ``items``.</doc>
<msg timestamp="20241110 21:10:54.733" level="INFO">${prefs} = {'download.default_directory': 'D:\\สอน\\testcase\\log\\downloads_20241110211054'}</msg>
<status status="PASS" starttime="20241110 21:10:54.732" endtime="20241110 21:10:54.733"/>
</kw>
<kw name="Log To Console" library="BuiltIn">
<arg>file will be downloaded to ${download_directory}</arg>
<doc>Logs the given message to the console.</doc>
<status status="PASS" starttime="20241110 21:10:54.733" endtime="20241110 21:10:54.734"/>
</kw>
<kw name="Call Method" library="BuiltIn">
<arg>${chrome_options}</arg>
<arg>add_experimental_option</arg>
<arg>prefs</arg>
<arg>${prefs}</arg>
<doc>Calls the named method of the given object with the provided arguments.</doc>
<status status="PASS" starttime="20241110 21:10:54.734" endtime="20241110 21:10:54.734"/>
</kw>
<status status="PASS" starttime="20241110 21:10:54.729" endtime="20241110 21:10:54.734"/>
</branch>
<branch type="ELSE">
<kw name="Set Variable" library="BuiltIn">
<var>${download_directory}</var>
<arg>${EMPTY}</arg>
<doc>Returns the given values which can then be assigned to a variables.</doc>
<status status="NOT RUN" starttime="20241110 21:10:54.734" endtime="20241110 21:10:54.734"/>
</kw>
<status status="NOT RUN" starttime="20241110 21:10:54.734" endtime="20241110 21:10:54.735"/>
</branch>
<status status="PASS" starttime="20241110 21:10:54.729" endtime="20241110 21:10:54.735"/>
</if>
<if>
<branch type="IF" condition="${with_proxy}">
<kw name="Evaluate" library="BuiltIn">
<var>${random_proxy_port}</var>
<arg>random.sample(range(30000, 45000), 1)</arg>
<arg>random</arg>
<doc>Evaluates the given expression in Python and returns the result.</doc>
<status status="NOT RUN" starttime="20241110 21:10:54.735" endtime="20241110 21:10:54.735"/>
</kw>
<kw name="Create Dictionary" library="BuiltIn">
<var>&amp;{proxt_port}</var>
<arg>port=${random_proxy_port}[0]</arg>
<doc>Creates and returns a dictionary based on the given ``items``.</doc>
<status status="NOT RUN" starttime="20241110 21:10:54.735" endtime="20241110 21:10:54.735"/>
</kw>
<kw name="BrowserMobProxyLibrary.Start Local Server">
<arg>${path_to_browsermob_proxy}</arg>
<status status="NOT RUN" starttime="20241110 21:10:54.742" endtime="20241110 21:10:54.742"/>
</kw>
<kw name="BrowserMobProxyLibrary.Create Proxy">
<arg>${proxt_port}</arg>
<status status="NOT RUN" starttime="20241110 21:10:54.749" endtime="20241110 21:10:54.749"/>
</kw>
<kw name="Call Method" library="BuiltIn">
<arg>${chrome_options}</arg>
<arg>add_argument</arg>
<arg>--proxy-server\=127.0.0.1:${random_proxy_port}[0]</arg>
<doc>Calls the named method of the given object with the provided arguments.</doc>
<status status="NOT RUN" starttime="20241110 21:10:54.749" endtime="20241110 21:10:54.749"/>
</kw>
<kw name="Call Method" library="BuiltIn">
<arg>${chrome_options}</arg>
<arg>add_argument</arg>
<arg>ignore-certificate-errors</arg>
<doc>Calls the named method of the given object with the provided arguments.</doc>
<status status="NOT RUN" starttime="20241110 21:10:54.749" endtime="20241110 21:10:54.749"/>
</kw>
<status status="NOT RUN" starttime="20241110 21:10:54.735" endtime="20241110 21:10:54.749"/>
</branch>
<status status="PASS" starttime="20241110 21:10:54.735" endtime="20241110 21:10:54.749"/>
</if>
<if>
<branch type="IF" condition="${with_save_pdf}">
<kw name="Get Current Date" library="DateTime">
<var>${current_time}</var>
<arg>result_format=%Y%m%d%H%M%S</arg>
<doc>Returns current local or UTC time with an optional increment.</doc>
<status status="NOT RUN" starttime="20241110 21:10:54.750" endtime="20241110 21:10:54.750"/>
</kw>
<kw name="Join Path" library="OperatingSystem">
<var>${download_directory}</var>
<arg>${OUTPUT_DIR}</arg>
<arg>downloads_${current_time}</arg>
<doc>Joins the given path part(s) to the given base path.</doc>
<status status="NOT RUN" starttime="20241110 21:10:54.750" endtime="20241110 21:10:54.750"/>
</kw>
<kw name="Create Directory" library="OperatingSystem">
<arg>${download_directory}</arg>
<doc>Creates the specified directory.</doc>
<status status="NOT RUN" starttime="20241110 21:10:54.750" endtime="20241110 21:10:54.750"/>
</kw>
<kw name="Wait Until Keyword Succeeds" library="BuiltIn">
<arg>5x</arg>
<arg>2s</arg>
<arg>OperatingSystem.Directory Should Exist</arg>
<arg>${download_directory}</arg>
<doc>Runs the specified keyword and retries if it fails.</doc>
<status status="NOT RUN" starttime="20241110 21:10:54.750" endtime="20241110 21:10:54.750"/>
</kw>
<kw name="JSONLibrary.Convert String to JSON">
<var>${json}</var>
<arg>{ "appState": { "recentDestinations": [{"id": "Save as PDF","origin": "local","account":""}],"selectedDestinationId": "Save as PDF","version": ${2}}}</arg>
<status status="NOT RUN" starttime="20241110 21:10:54.757" endtime="20241110 21:10:54.757"/>
</kw>
<kw name="Create Dictionary" library="BuiltIn">
<var>${prefs}</var>
<arg>savefile.default_directory=${download_directory}</arg>
<arg>download.default_directory=${download_directory}</arg>
<arg>download.prompt_for_download=${FALSE}</arg>
<arg>directory_upgrade=${TRUE}</arg>
<arg>plugins.plugins_disabled=Chrome PDF Viewer</arg>
<arg>printing.print_preview_sticky_settings=${json}</arg>
<arg>plugins.always_open_pdf_externally=${TRUE}</arg>
<arg>download.extensions_to_open=applications/pdf</arg>
<doc>Creates and returns a dictionary based on the given ``items``.</doc>
<status status="NOT RUN" starttime="20241110 21:10:54.757" endtime="20241110 21:10:54.757"/>
</kw>
<kw name="Call Method" library="BuiltIn">
<arg>${chrome_options}</arg>
<arg>add_argument</arg>
<arg>--kiosk-printing</arg>
<doc>Calls the named method of the given object with the provided arguments.</doc>
<status status="NOT RUN" starttime="20241110 21:10:54.757" endtime="20241110 21:10:54.757"/>
</kw>
<kw name="Call Method" library="BuiltIn">
<arg>${chrome_options}</arg>
<arg>add_argument</arg>
<arg>--disable-print-preview</arg>
<doc>Calls the named method of the given object with the provided arguments.</doc>
<status status="NOT RUN" starttime="20241110 21:10:54.757" endtime="20241110 21:10:54.757"/>
</kw>
<kw name="Call Method" library="BuiltIn">
<arg>${chrome_options}</arg>
<arg>add_experimental_option</arg>
<arg>prefs</arg>
<arg>${prefs}</arg>
<doc>Calls the named method of the given object with the provided arguments.</doc>
<status status="NOT RUN" starttime="20241110 21:10:54.758" endtime="20241110 21:10:54.758"/>
</kw>
<status status="NOT RUN" starttime="20241110 21:10:54.749" endtime="20241110 21:10:54.758"/>
</branch>
<status status="PASS" starttime="20241110 21:10:54.749" endtime="20241110 21:10:54.758"/>
</if>
<if>
<branch type="IF" condition="'${browser_mode}' == 'mobile'">
<kw name="Create Dictionary" library="BuiltIn">
<var>${mobile_emulation}</var>
<arg>deviceName=iPhone X</arg>
<doc>Creates and returns a dictionary based on the given ``items``.</doc>
<status status="NOT RUN" starttime="20241110 21:10:54.759" endtime="20241110 21:10:54.759"/>
</kw>
<kw name="Call Method" library="BuiltIn">
<arg>${chrome_options}</arg>
<arg>add_experimental_option</arg>
<arg>mobileEmulation</arg>
<arg>${mobile_emulation}</arg>
<doc>Calls the named method of the given object with the provided arguments.</doc>
<status status="NOT RUN" starttime="20241110 21:10:54.759" endtime="20241110 21:10:54.759"/>
</kw>
<status status="NOT RUN" starttime="20241110 21:10:54.759" endtime="20241110 21:10:54.759"/>
</branch>
<status status="PASS" starttime="20241110 21:10:54.758" endtime="20241110 21:10:54.759"/>
</if>
<kw name="Create Webdriver" library="SeleniumLibrary">
<arg>Chrome</arg>
<arg>chrome_options=${chrome_options}</arg>
<doc>Creates an instance of Selenium WebDriver.</doc>
<msg timestamp="20241110 21:10:54.760" level="INFO">Creating an instance of the Chrome WebDriver.</msg>
<status status="PASS" starttime="20241110 21:10:54.759" endtime="20241110 21:10:55.931"/>
</kw>
<kw name="Go To" library="SeleniumLibrary">
<arg>${url}</arg>
<doc>Navigates the current browser window to the provided ``url``.</doc>
<msg timestamp="20241110 21:10:55.931" level="INFO">Opening url 'https://notebookspec.com/'</msg>
<status status="PASS" starttime="20241110 21:10:55.931" endtime="20241110 21:10:56.425"/>
</kw>
<if>
<branch type="IF" condition="'${browser_mode}' == 'desktop'">
<kw name="Maximize Browser Window" library="SeleniumLibrary">
<doc>Maximizes current browser window.</doc>
<status status="PASS" starttime="20241110 21:10:56.426" endtime="20241110 21:10:56.452"/>
</kw>
<status status="PASS" starttime="20241110 21:10:56.426" endtime="20241110 21:10:56.452"/>
</branch>
<status status="PASS" starttime="20241110 21:10:56.425" endtime="20241110 21:10:56.452"/>
</if>
<status status="PASS" starttime="20241110 21:10:54.721" endtime="20241110 21:10:56.452"/>
</kw>
<kw name="Maximize Browser Window" library="SeleniumLibrary">
<doc>Maximizes current browser window.</doc>
<status status="PASS" starttime="20241110 21:10:56.453" endtime="20241110 21:10:56.457"/>
</kw>
<kw name="Wait Until Element Is Visible" library="SeleniumLibrary">
<arg>${main_locator['btn_search_notebook']}</arg>
<arg>timeout=${30s_timeout}</arg>
<doc>Waits until the element ``locator`` is visible.</doc>
<status status="PASS" starttime="20241110 21:10:56.457" endtime="20241110 21:10:56.496"/>
</kw>
<status status="PASS" starttime="20241110 21:10:54.720" endtime="20241110 21:10:56.496"/>
</kw>
<kw name="Click btn search notebook" library="main_page">
<kw name="Wait Until Element Is Visible" library="SeleniumLibrary">
<arg>${main_locator['btn_search_notebook']}</arg>
<arg>timeout=${timeout}</arg>
<doc>Waits until the element ``locator`` is visible.</doc>
<status status="PASS" starttime="20241110 21:10:56.497" endtime="20241110 21:10:56.521"/>
</kw>
<kw name="Click Element" library="SeleniumLibrary">
<arg>${main_locator['btn_search_notebook']}</arg>
<doc>Click the element identified by ``locator``.</doc>
<msg timestamp="20241110 21:10:56.522" level="INFO">Clicking element ' xpath=//a[@href="/notebook/search"]'.</msg>
<status status="PASS" starttime="20241110 21:10:56.521" endtime="20241110 21:10:57.677"/>
</kw>
<kw name="Run Keyword And Return Status" library="BuiltIn">
<var>${status}</var>
<arg>SeleniumLibrary.Wait Until Element Is Visible</arg>
<arg>${notebook_search_locator['logo_web']}</arg>
<arg>timeout=${timeout}</arg>
<doc>Runs the given keyword with given arguments and returns the status as a Boolean value.</doc>
<kw name="Wait Until Element Is Visible" library="SeleniumLibrary">
<arg>${notebook_search_locator['logo_web']}</arg>
<arg>timeout=${timeout}</arg>
<doc>Waits until the element ``locator`` is visible.</doc>
<status status="PASS" starttime="20241110 21:10:57.678" endtime="20241110 21:10:57.701"/>
</kw>
<msg timestamp="20241110 21:10:57.701" level="INFO">${status} = True</msg>
<status status="PASS" starttime="20241110 21:10:57.678" endtime="20241110 21:10:57.701"/>
</kw>
<if>
<branch type="IF" condition="${status} == ${False}">
<for flavor="IN RANGE">
<var>${index_retry}</var>
<value>1</value>
<value>${retry}+1</value>
<iter>
<var name="${index_retry}"/>
<kw name="Click Element" library="SeleniumLibrary">
<arg>${main_locator['btn_search_notebook']}</arg>
<doc>Click the element identified by ``locator``.</doc>
<status status="NOT RUN" starttime="20241110 21:10:57.702" endtime="20241110 21:10:57.702"/>
</kw>
<kw name="Run Keyword And Return Status" library="BuiltIn">
<var>${status}</var>
<arg>SeleniumLibrary.Wait Until Element Is Visible</arg>
<arg>${notebook_search_locator['logo_web']}</arg>
<arg>timeout=${timeout}</arg>
<doc>Runs the given keyword with given arguments and returns the status as a Boolean value.</doc>
<status status="NOT RUN" starttime="20241110 21:10:57.702" endtime="20241110 21:10:57.702"/>
</kw>
<kw name="Exit For Loop If" library="BuiltIn">
<arg>${status}</arg>
<doc>Stops executing the enclosing FOR loop if the ``condition`` is true.</doc>
<status status="NOT RUN" starttime="20241110 21:10:57.702" endtime="20241110 21:10:57.702"/>
</kw>
<status status="NOT RUN" starttime="20241110 21:10:57.702" endtime="20241110 21:10:57.702"/>
</iter>
<status status="NOT RUN" starttime="20241110 21:10:57.701" endtime="20241110 21:10:57.702"/>
</for>
<status status="NOT RUN" starttime="20241110 21:10:57.701" endtime="20241110 21:10:57.702"/>
</branch>
<status status="PASS" starttime="20241110 21:10:57.701" endtime="20241110 21:10:57.702"/>
</if>
<status status="PASS" starttime="20241110 21:10:56.496" endtime="20241110 21:10:57.702"/>
</kw>
<kw name="Get text menu level 1" library="notebook_search_page">
<var>${data_ui}</var>
<kw name="Wait Until Element Is Visible" library="SeleniumLibrary">
<arg>${notebook_search_locator['menu_level_1']}</arg>
<arg>timeout=${5s_timeout}</arg>
<doc>Waits until the element ``locator`` is visible.</doc>
<status status="PASS" starttime="20241110 21:10:57.703" endtime="20241110 21:10:57.727"/>
</kw>
<kw name="Get Element Count" library="SeleniumLibrary">
<var>${total_menu_level_1}</var>
<arg>${notebook_search_locator['menu_level_1']}</arg>
<doc>Returns the number of elements matching ``locator``.</doc>
<msg timestamp="20241110 21:10:57.735" level="INFO">${total_menu_level_1} = 6</msg>
<status status="PASS" starttime="20241110 21:10:57.727" endtime="20241110 21:10:57.735"/>
</kw>
<kw name="Create List" library="BuiltIn">
<var>@{list}</var>
<doc>Returns a list containing given items.</doc>
<msg timestamp="20241110 21:10:57.735" level="INFO">@{list} = [ ]</msg>
<status status="PASS" starttime="20241110 21:10:57.735" endtime="20241110 21:10:57.735"/>
</kw>
<for flavor="IN RANGE">
<var>${index_menu}</var>
<value>1</value>
<value>${total_menu_level_1}+1</value>
<iter>
<var name="${index_menu}">1</var>
<kw name="Catenate" library="BuiltIn">
<var>${locator_menu}</var>
<arg>SEPARATOR=</arg>
<arg>(${notebook_search_locator['menu_level_1']})[${index_menu}]</arg>
<doc>Catenates the given items together and returns the resulted string.</doc>
<msg timestamp="20241110 21:10:57.736" level="INFO">${locator_menu} = (//ul[@class="desktop-menu"]/li)[1]</msg>
<status status="PASS" starttime="20241110 21:10:57.735" endtime="20241110 21:10:57.736"/>
</kw>
<kw name="Get Text" library="SeleniumLibrary">
<var>${menu_text}</var>
<arg>${locator_menu}</arg>
<doc>Returns the text value of the element identified by ``locator``.</doc>
<msg timestamp="20241110 21:10:57.761" level="INFO">${menu_text} = จัดสเปค</msg>
<status status="PASS" starttime="20241110 21:10:57.736" endtime="20241110 21:10:57.761"/>
</kw>
<kw name="Append To List" library="Collections">
<arg>${list}</arg>
<arg>${menu_text}</arg>
<doc>Adds ``values`` to the end of ``list``.</doc>
<status status="PASS" starttime="20241110 21:10:57.762" endtime="20241110 21:10:57.762"/>
</kw>
<status status="PASS" starttime="20241110 21:10:57.735" endtime="20241110 21:10:57.762"/>
</iter>
<iter>
<var name="${index_menu}">2</var>
<kw name="Catenate" library="BuiltIn">
<var>${locator_menu}</var>
<arg>SEPARATOR=</arg>
<arg>(${notebook_search_locator['menu_level_1']})[${index_menu}]</arg>
<doc>Catenates the given items together and returns the resulted string.</doc>
<msg timestamp="20241110 21:10:57.762" level="INFO">${locator_menu} = (//ul[@class="desktop-menu"]/li)[2]</msg>
<status status="PASS" starttime="20241110 21:10:57.762" endtime="20241110 21:10:57.762"/>
</kw>
<kw name="Get Text" library="SeleniumLibrary">
<var>${menu_text}</var>
<arg>${locator_menu}</arg>
<doc>Returns the text value of the element identified by ``locator``.</doc>
<msg timestamp="20241110 21:10:57.780" level="INFO">${menu_text} = ค้นหา</msg>
<status status="PASS" starttime="20241110 21:10:57.763" endtime="20241110 21:10:57.780"/>
</kw>
<kw name="Append To List" library="Collections">
<arg>${list}</arg>
<arg>${menu_text}</arg>
<doc>Adds ``values`` to the end of ``list``.</doc>
<status status="PASS" starttime="20241110 21:10:57.780" endtime="20241110 21:10:57.780"/>
</kw>
<status status="PASS" starttime="20241110 21:10:57.762" endtime="20241110 21:10:57.780"/>
</iter>
<iter>
<var name="${index_menu}">3</var>
<kw name="Catenate" library="BuiltIn">
<var>${locator_menu}</var>
<arg>SEPARATOR=</arg>
<arg>(${notebook_search_locator['menu_level_1']})[${index_menu}]</arg>
<doc>Catenates the given items together and returns the resulted string.</doc>
<msg timestamp="20241110 21:10:57.781" level="INFO">${locator_menu} = (//ul[@class="desktop-menu"]/li)[3]</msg>
<status status="PASS" starttime="20241110 21:10:57.780" endtime="20241110 21:10:57.781"/>
</kw>
<kw name="Get Text" library="SeleniumLibrary">
<var>${menu_text}</var>
<arg>${locator_menu}</arg>
<doc>Returns the text value of the element identified by ``locator``.</doc>
<msg timestamp="20241110 21:10:57.798" level="INFO">${menu_text} = บทความ</msg>
<status status="PASS" starttime="20241110 21:10:57.781" endtime="20241110 21:10:57.798"/>
</kw>
<kw name="Append To List" library="Collections">
<arg>${list}</arg>
<arg>${menu_text}</arg>
<doc>Adds ``values`` to the end of ``list``.</doc>
<status status="PASS" starttime="20241110 21:10:57.798" endtime="20241110 21:10:57.798"/>
</kw>
<status status="PASS" starttime="20241110 21:10:57.780" endtime="20241110 21:10:57.798"/>
</iter>
<iter>
<var name="${index_menu}">4</var>
<kw name="Catenate" library="BuiltIn">
<var>${locator_menu}</var>
<arg>SEPARATOR=</arg>
<arg>(${notebook_search_locator['menu_level_1']})[${index_menu}]</arg>
<doc>Catenates the given items together and returns the resulted string.</doc>
<msg timestamp="20241110 21:10:57.799" level="INFO">${locator_menu} = (//ul[@class="desktop-menu"]/li)[4]</msg>
<status status="PASS" starttime="20241110 21:10:57.798" endtime="20241110 21:10:57.799"/>
</kw>
<kw name="Get Text" library="SeleniumLibrary">
<var>${menu_text}</var>
<arg>${locator_menu}</arg>
<doc>Returns the text value of the element identified by ``locator``.</doc>
<msg timestamp="20241110 21:10:57.815" level="INFO">${menu_text} = รีวิวล่าสุด</msg>
<status status="PASS" starttime="20241110 21:10:57.799" endtime="20241110 21:10:57.815"/>
</kw>
<kw name="Append To List" library="Collections">
<arg>${list}</arg>
<arg>${menu_text}</arg>
<doc>Adds ``values`` to the end of ``list``.</doc>
<status status="PASS" starttime="20241110 21:10:57.815" endtime="20241110 21:10:57.816"/>
</kw>
<status status="PASS" starttime="20241110 21:10:57.798" endtime="20241110 21:10:57.816"/>
</iter>
<iter>
<var name="${index_menu}">5</var>
<kw name="Catenate" library="BuiltIn">
<var>${locator_menu}</var>
<arg>SEPARATOR=</arg>
<arg>(${notebook_search_locator['menu_level_1']})[${index_menu}]</arg>
<doc>Catenates the given items together and returns the resulted string.</doc>
<msg timestamp="20241110 21:10:57.816" level="INFO">${locator_menu} = (//ul[@class="desktop-menu"]/li)[5]</msg>
<status status="PASS" starttime="20241110 21:10:57.816" endtime="20241110 21:10:57.816"/>
</kw>
<kw name="Get Text" library="SeleniumLibrary">
<var>${menu_text}</var>
<arg>${locator_menu}</arg>
<doc>Returns the text value of the element identified by ``locator``.</doc>
<msg timestamp="20241110 21:10:57.833" level="INFO">${menu_text} = บทความยอดนิยม</msg>
<status status="PASS" starttime="20241110 21:10:57.816" endtime="20241110 21:10:57.833"/>
</kw>
<kw name="Append To List" library="Collections">
<arg>${list}</arg>
<arg>${menu_text}</arg>
<doc>Adds ``values`` to the end of ``list``.</doc>
<status status="PASS" starttime="20241110 21:10:57.833" endtime="20241110 21:10:57.833"/>
</kw>
<status status="PASS" starttime="20241110 21:10:57.816" endtime="20241110 21:10:57.833"/>
</iter>
<iter>
<var name="${index_menu}">6</var>
<kw name="Catenate" library="BuiltIn">
<var>${locator_menu}</var>
<arg>SEPARATOR=</arg>
<arg>(${notebook_search_locator['menu_level_1']})[${index_menu}]</arg>
<doc>Catenates the given items together and returns the resulted string.</doc>
<msg timestamp="20241110 21:10:57.834" level="INFO">${locator_menu} = (//ul[@class="desktop-menu"]/li)[6]</msg>
<status status="PASS" starttime="20241110 21:10:57.833" endtime="20241110 21:10:57.834"/>
</kw>
<kw name="Get Text" library="SeleniumLibrary">
<var>${menu_text}</var>
<arg>${locator_menu}</arg>
<doc>Returns the text value of the element identified by ``locator``.</doc>
<msg timestamp="20241110 21:10:57.851" level="INFO">${menu_text} = ติดต่อเรา</msg>
<status status="PASS" starttime="20241110 21:10:57.834" endtime="20241110 21:10:57.851"/>
</kw>
<kw name="Append To List" library="Collections">
<arg>${list}</arg>
<arg>${menu_text}</arg>
<doc>Adds ``values`` to the end of ``list``.</doc>
<status status="PASS" starttime="20241110 21:10:57.851" endtime="20241110 21:10:57.851"/>
</kw>
<status status="PASS" starttime="20241110 21:10:57.833" endtime="20241110 21:10:57.851"/>
</iter>
<status status="PASS" starttime="20241110 21:10:57.735" endtime="20241110 21:10:57.851"/>
</for>
<msg timestamp="20241110 21:10:57.851" level="INFO">${data_ui} = ['จัดสเปค', 'ค้นหา', 'บทความ', 'รีวิวล่าสุด', 'บทความยอดนิยม', 'ติดต่อเรา']</msg>
<status status="PASS" starttime="20241110 21:10:57.703" endtime="20241110 21:10:57.851"/>
</kw>
<kw name="Run Keyword And Return Status" library="BuiltIn">
<var>${status}</var>
<arg>BuiltIn.Should be Equal</arg>
<arg>${menu['level_1']}</arg>
<arg>${data_ui}</arg>
<doc>Runs the given keyword with given arguments and returns the status as a Boolean value.</doc>
<kw name="Should Be Equal" library="BuiltIn">
<arg>${menu['level_1']}</arg>
<arg>${data_ui}</arg>
<doc>Fails if the given objects are unequal.</doc>
<status status="PASS" starttime="20241110 21:10:57.852" endtime="20241110 21:10:57.853"/>
</kw>
<msg timestamp="20241110 21:10:57.853" level="INFO">${status} = True</msg>
<status status="PASS" starttime="20241110 21:10:57.852" endtime="20241110 21:10:57.853"/>
</kw>
<status status="PASS" starttime="20241110 21:10:54.717" endtime="20241110 21:10:57.853"/>
</test>
<test id="s1-t2" name="tc_02" line="13">
<kw name="Get text menu level 2" library="notebook_search_page">
<var>${data_ui}</var>
<kw name="Wait Until Element Is Visible" library="SeleniumLibrary">
<arg>${notebook_search_locator['menu_level_1']}</arg>
<arg>timeout=${5s_timeout}</arg>
<doc>Waits until the element ``locator`` is visible.</doc>
<status status="PASS" starttime="20241110 21:10:57.855" endtime="20241110 21:10:57.872"/>
</kw>
<kw name="Get Element Count" library="SeleniumLibrary">
<var>${total_menu_level_1}</var>
<arg>${notebook_search_locator['menu_level_1']}</arg>
<doc>Returns the number of elements matching ``locator``.</doc>
<msg timestamp="20241110 21:10:57.882" level="INFO">${total_menu_level_1} = 6</msg>
<status status="PASS" starttime="20241110 21:10:57.872" endtime="20241110 21:10:57.882"/>
</kw>
<kw name="Create List" library="BuiltIn">
<var>@{list}</var>
<doc>Returns a list containing given items.</doc>
<msg timestamp="20241110 21:10:57.882" level="INFO">@{list} = [ ]</msg>
<status status="PASS" starttime="20241110 21:10:57.882" endtime="20241110 21:10:57.883"/>
</kw>
<for flavor="IN RANGE">
<var>${index_menu_1}</var>
<value>1</value>
<value>${total_menu_level_1}+1</value>
<iter>
<var name="${index_menu_1}">1</var>
<kw name="Mouse Over" library="SeleniumLibrary">
<arg>(${notebook_search_locator['menu_level_1']})[${index_menu_1}]</arg>
<doc>Simulates hovering the mouse over the element ``locator``.</doc>
<msg timestamp="20241110 21:10:57.883" level="INFO">Simulating Mouse Over on element '(//ul[@class="desktop-menu"]/li)[1]'.</msg>
<status status="PASS" starttime="20241110 21:10:57.883" endtime="20241110 21:10:58.166"/>
</kw>
<kw name="Catenate" library="BuiltIn">
<var>${locator_menu_1}</var>
<arg>SEPARATOR=</arg>
<arg>(${notebook_search_locator['menu_level_1']})[${index_menu_1}]/ul/li</arg>
<doc>Catenates the given items together and returns the resulted string.</doc>
<msg timestamp="20241110 21:10:58.167" level="INFO">${locator_menu_1} = (//ul[@class="desktop-menu"]/li)[1]/ul/li</msg>
<status status="PASS" starttime="20241110 21:10:58.167" endtime="20241110 21:10:58.167"/>
</kw>
<kw name="Get Element Count" library="SeleniumLibrary">
<var>${total_menu_level_2}</var>
<arg>${locator_menu_1}</arg>
<doc>Returns the number of elements matching ``locator``.</doc>
<msg timestamp="20241110 21:10:58.179" level="INFO">${total_menu_level_2} = 2</msg>
<status status="PASS" starttime="20241110 21:10:58.167" endtime="20241110 21:10:58.179"/>
</kw>
<if>
<branch type="IF" condition="${index_menu_1} &lt; ${5}">
<for flavor="IN RANGE">
<var>${index_menu_2}</var>
<value>1</value>
<value>${total_menu_level_2}+1</value>
<iter>
<var name="${index_menu_2}">1</var>
<kw name="Catenate" library="BuiltIn">
<var>${locator_menu_2}</var>
<arg>SEPARATOR=</arg>
<arg>(${notebook_search_locator['menu_level_1']})[${index_menu_1}]/ul/li[${index_menu_2}]</arg>
<doc>Catenates the given items together and returns the resulted string.</doc>
<msg timestamp="20241110 21:10:58.181" level="INFO">${locator_menu_2} = (//ul[@class="desktop-menu"]/li)[1]/ul/li[1]</msg>
<status status="PASS" starttime="20241110 21:10:58.180" endtime="20241110 21:10:58.181"/>
</kw>
<kw name="Get Text" library="SeleniumLibrary">
<var>${menu_text}</var>
<arg>${locator_menu_2}</arg>
<doc>Returns the text value of the element identified by ``locator``.</doc>
<msg timestamp="20241110 21:10:58.205" level="INFO">${menu_text} = ระบบจัดสเปค</msg>
<status status="PASS" starttime="20241110 21:10:58.181" endtime="20241110 21:10:58.205"/>
</kw>
<kw name="Append To List" library="Collections">
<arg>${list}</arg>
<arg>${menu_text}</arg>
<doc>Adds ``values`` to the end of ``list``.</doc>
<status status="PASS" starttime="20241110 21:10:58.205" endtime="20241110 21:10:58.206"/>
</kw>
<status status="PASS" starttime="20241110 21:10:58.180" endtime="20241110 21:10:58.206"/>
</iter>
<iter>
<var name="${index_menu_2}">2</var>
<kw name="Catenate" library="BuiltIn">
<var>${locator_menu_2}</var>
<arg>SEPARATOR=</arg>
<arg>(${notebook_search_locator['menu_level_1']})[${index_menu_1}]/ul/li[${index_menu_2}]</arg>
<doc>Catenates the given items together and returns the resulted string.</doc>
<msg timestamp="20241110 21:10:58.207" level="INFO">${locator_menu_2} = (//ul[@class="desktop-menu"]/li)[1]/ul/li[2]</msg>
<status status="PASS" starttime="20241110 21:10:58.206" endtime="20241110 21:10:58.207"/>
</kw>
<kw name="Get Text" library="SeleniumLibrary">
<var>${menu_text}</var>
<arg>${locator_menu_2}</arg>
<doc>Returns the text value of the element identified by ``locator``.</doc>
<msg timestamp="20241110 21:10:58.231" level="INFO">${menu_text} = อันดับสเปค</msg>
<status status="PASS" starttime="20241110 21:10:58.207" endtime="20241110 21:10:58.231"/>
</kw>
<kw name="Append To List" library="Collections">
<arg>${list}</arg>
<arg>${menu_text}</arg>
<doc>Adds ``values`` to the end of ``list``.</doc>
<status status="PASS" starttime="20241110 21:10:58.231" endtime="20241110 21:10:58.232"/>
</kw>
<status status="PASS" starttime="20241110 21:10:58.206" endtime="20241110 21:10:58.232"/>
</iter>
<status status="PASS" starttime="20241110 21:10:58.180" endtime="20241110 21:10:58.232"/>
</for>
<status status="PASS" starttime="20241110 21:10:58.180" endtime="20241110 21:10:58.232"/>
</branch>
<branch type="ELSE IF" condition="${index_menu_1} == ${5}">
<kw name="Catenate" library="BuiltIn">
<var>${locator_menu_2}</var>
<arg>SEPARATOR=</arg>
<arg>(${notebook_search_locator['menu_level_1']})[${index_menu_1}]/div/ul/li</arg>
<doc>Catenates the given items together and returns the resulted string.</doc>
<status status="NOT RUN" starttime="20241110 21:10:58.232" endtime="20241110 21:10:58.232"/>
</kw>
<kw name="Get Element Count" library="SeleniumLibrary">
<var>${total_menu_level_2}</var>
<arg>${locator_menu_2}</arg>
<doc>Returns the number of elements matching ``locator``.</doc>
<status status="NOT RUN" starttime="20241110 21:10:58.232" endtime="20241110 21:10:58.232"/>
</kw>
<for flavor="IN RANGE">
<var>${index_menu_3}</var>
<value>1</value>
<value>${total_menu_level_2}+1</value>
<iter>
<var name="${index_menu_3}"/>
<kw name="Catenate" library="BuiltIn">
<var>${locator_menu_2}</var>
<arg>SEPARATOR=</arg>
<arg>(${notebook_search_locator['menu_level_1']})[${index_menu_1}]/div/ul/li[${index_menu_3}]</arg>
<doc>Catenates the given items together and returns the resulted string.</doc>
<status status="NOT RUN" starttime="20241110 21:10:58.232" endtime="20241110 21:10:58.232"/>
</kw>
<kw name="Get Text" library="SeleniumLibrary">
<var>${menu_text}</var>
<arg>${locator_menu_2}</arg>
<doc>Returns the text value of the element identified by ``locator``.</doc>
<status status="NOT RUN" starttime="20241110 21:10:58.232" endtime="20241110 21:10:58.232"/>
</kw>
<kw name="Append To List" library="Collections">
<arg>${list}</arg>
<arg>${menu_text}</arg>
<doc>Adds ``values`` to the end of ``list``.</doc>
<status status="NOT RUN" starttime="20241110 21:10:58.232" endtime="20241110 21:10:58.232"/>
</kw>
<status status="NOT RUN" starttime="20241110 21:10:58.232" endtime="20241110 21:10:58.232"/>
</iter>
<status status="NOT RUN" starttime="20241110 21:10:58.232" endtime="20241110 21:10:58.232"/>
</for>
<for flavor="IN RANGE">
<var>${index_menu_3}</var>
<value>1</value>
<value>${total_menu_level_2}+1</value>
<iter>
<var name="${index_menu_3}"/>
<kw name="Catenate" library="BuiltIn">
<var>${locator_menu_2}</var>
<arg>SEPARATOR=</arg>
<arg>(${notebook_search_locator['menu_level_1']})[${index_menu_1}]/div/ul/li[${index_menu_3}]/a/div/img</arg>
<doc>Catenates the given items together and returns the resulted string.</doc>
<status status="NOT RUN" starttime="20241110 21:10:58.233" endtime="20241110 21:10:58.233"/>
</kw>
<kw name="Get Element Attribute" library="SeleniumLibrary">
<var>${menu_img}</var>
<arg>${locator_menu_2}</arg>
<arg>src</arg>
<doc>Returns the value of ``attribute`` from the element ``locator``.</doc>
<status status="NOT RUN" starttime="20241110 21:10:58.233" endtime="20241110 21:10:58.233"/>
</kw>
<kw name="Append To List" library="Collections">
<arg>${list}</arg>
<arg>${menu_img}</arg>
<doc>Adds ``values`` to the end of ``list``.</doc>
<status status="NOT RUN" starttime="20241110 21:10:58.233" endtime="20241110 21:10:58.233"/>
</kw>
<status status="NOT RUN" starttime="20241110 21:10:58.232" endtime="20241110 21:10:58.233"/>
</iter>
<status status="NOT RUN" starttime="20241110 21:10:58.232" endtime="20241110 21:10:58.233"/>
</for>
<status status="NOT RUN" starttime="20241110 21:10:58.232" endtime="20241110 21:10:58.233"/>
</branch>
<branch type="ELSE IF" condition="${index_menu_1} == ${6}">
<kw name="Catenate" library="BuiltIn">
<var>${locator_menu_2}</var>
<arg>SEPARATOR=</arg>
<arg>(${notebook_search_locator['menu_level_1']})[${index_menu_1}]/a</arg>
<doc>Catenates the given items together and returns the resulted string.</doc>
<status status="NOT RUN" starttime="20241110 21:10:58.233" endtime="20241110 21:10:58.233"/>
</kw>
<kw name="Get Element Attribute" library="SeleniumLibrary">
<var>${menu_links}</var>
<arg>${locator_menu_2}</arg>
<arg>href</arg>
<doc>Returns the value of ``attribute`` from the element ``locator``.</doc>
<status status="NOT RUN" starttime="20241110 21:10:58.233" endtime="20241110 21:10:58.233"/>
</kw>
<kw name="Append To List" library="Collections">
<arg>${list}</arg>
<arg>${menu_links}</arg>
<doc>Adds ``values`` to the end of ``list``.</doc>
<status status="NOT RUN" starttime="20241110 21:10:58.233" endtime="20241110 21:10:58.233"/>
</kw>
<status status="NOT RUN" starttime="20241110 21:10:58.233" endtime="20241110 21:10:58.233"/>
</branch>
<status status="PASS" starttime="20241110 21:10:58.179" endtime="20241110 21:10:58.233"/>
</if>
<status status="PASS" starttime="20241110 21:10:57.883" endtime="20241110 21:10:58.233"/>
</iter>
<iter>
<var name="${index_menu_1}">2</var>
<kw name="Mouse Over" library="SeleniumLibrary">
<arg>(${notebook_search_locator['menu_level_1']})[${index_menu_1}]</arg>
<doc>Simulates hovering the mouse over the element ``locator``.</doc>
<msg timestamp="20241110 21:10:58.234" level="INFO">Simulating Mouse Over on element '(//ul[@class="desktop-menu"]/li)[2]'.</msg>
<status status="PASS" starttime="20241110 21:10:58.233" endtime="20241110 21:10:58.512"/>
</kw>
<kw name="Catenate" library="BuiltIn">
<var>${locator_menu_1}</var>
<arg>SEPARATOR=</arg>
<arg>(${notebook_search_locator['menu_level_1']})[${index_menu_1}]/ul/li</arg>
<doc>Catenates the given items together and returns the resulted string.</doc>
<msg timestamp="20241110 21:10:58.513" level="INFO">${locator_menu_1} = (//ul[@class="desktop-menu"]/li)[2]/ul/li</msg>
<status status="PASS" starttime="20241110 21:10:58.512" endtime="20241110 21:10:58.513"/>
</kw>
<kw name="Get Element Count" library="SeleniumLibrary">
<var>${total_menu_level_2}</var>
<arg>${locator_menu_1}</arg>
<doc>Returns the number of elements matching ``locator``.</doc>
<msg timestamp="20241110 21:10:58.526" level="INFO">${total_menu_level_2} = 5</msg>
<status status="PASS" starttime="20241110 21:10:58.513" endtime="20241110 21:10:58.526"/>
</kw>
<if>
<branch type="IF" condition="${index_menu_1} &lt; ${5}">
<for flavor="IN RANGE">
<var>${index_menu_2}</var>
<value>1</value>
<value>${total_menu_level_2}+1</value>
<iter>
<var name="${index_menu_2}">1</var>
<kw name="Catenate" library="BuiltIn">
<var>${locator_menu_2}</var>
<arg>SEPARATOR=</arg>
<arg>(${notebook_search_locator['menu_level_1']})[${index_menu_1}]/ul/li[${index_menu_2}]</arg>
<doc>Catenates the given items together and returns the resulted string.</doc>
<msg timestamp="20241110 21:10:58.528" level="INFO">${locator_menu_2} = (//ul[@class="desktop-menu"]/li)[2]/ul/li[1]</msg>
<status status="PASS" starttime="20241110 21:10:58.527" endtime="20241110 21:10:58.528"/>
</kw>
<kw name="Get Text" library="SeleniumLibrary">
<var>${menu_text}</var>
<arg>${locator_menu_2}</arg>
<doc>Returns the text value of the element identified by ``locator``.</doc>
<msg timestamp="20241110 21:10:58.551" level="INFO">${menu_text} = Notebook</msg>
<status status="PASS" starttime="20241110 21:10:58.528" endtime="20241110 21:10:58.551"/>
</kw>
<kw name="Append To List" library="Collections">
<arg>${list}</arg>
<arg>${menu_text}</arg>
<doc>Adds ``values`` to the end of ``list``.</doc>
<status status="PASS" starttime="20241110 21:10:58.552" endtime="20241110 21:10:58.552"/>
</kw>
<status status="PASS" starttime="20241110 21:10:58.527" endtime="20241110 21:10:58.552"/>
</iter>
<iter>
<var name="${index_menu_2}">2</var>
<kw name="Catenate" library="BuiltIn">
<var>${locator_menu_2}</var>
<arg>SEPARATOR=</arg>
<arg>(${notebook_search_locator['menu_level_1']})[${index_menu_1}]/ul/li[${index_menu_2}]</arg>
<doc>Catenates the given items together and returns the resulted string.</doc>
<msg timestamp="20241110 21:10:58.552" level="INFO">${locator_menu_2} = (//ul[@class="desktop-menu"]/li)[2]/ul/li[2]</msg>
<status status="PASS" starttime="20241110 21:10:58.552" endtime="20241110 21:10:58.552"/>
</kw>
<kw name="Get Text" library="SeleniumLibrary">
<var>${menu_text}</var>
<arg>${locator_menu_2}</arg>
<doc>Returns the text value of the element identified by ``locator``.</doc>
<msg timestamp="20241110 21:10:58.585" level="INFO">${menu_text} = PC Component</msg>
<status status="PASS" starttime="20241110 21:10:58.553" endtime="20241110 21:10:58.585"/>
</kw>
<kw name="Append To List" library="Collections">
<arg>${list}</arg>
<arg>${menu_text}</arg>
<doc>Adds ``values`` to the end of ``list``.</doc>
<status status="PASS" starttime="20241110 21:10:58.585" endtime="20241110 21:10:58.586"/>
</kw>
<status status="PASS" starttime="20241110 21:10:58.552" endtime="20241110 21:10:58.586"/>
</iter>
<iter>
<var name="${index_menu_2}">3</var>
<kw name="Catenate" library="BuiltIn">
<var>${locator_menu_2}</var>
<arg>SEPARATOR=</arg>
<arg>(${notebook_search_locator['menu_level_1']})[${index_menu_1}]/ul/li[${index_menu_2}]</arg>
<doc>Catenates the given items together and returns the resulted string.</doc>
<msg timestamp="20241110 21:10:58.586" level="INFO">${locator_menu_2} = (//ul[@class="desktop-menu"]/li)[2]/ul/li[3]</msg>
<status status="PASS" starttime="20241110 21:10:58.586" endtime="20241110 21:10:58.586"/>
</kw>
<kw name="Get Text" library="SeleniumLibrary">
<var>${menu_text}</var>
<arg>${locator_menu_2}</arg>
<doc>Returns the text value of the element identified by ``locator``.</doc>
<msg timestamp="20241110 21:10:58.613" level="INFO">${menu_text} = PC Desktop</msg>
<status status="PASS" starttime="20241110 21:10:58.586" endtime="20241110 21:10:58.614"/>
</kw>
<kw name="Append To List" library="Collections">
<arg>${list}</arg>
<arg>${menu_text}</arg>
<doc>Adds ``values`` to the end of ``list``.</doc>
<status status="PASS" starttime="20241110 21:10:58.614" endtime="20241110 21:10:58.614"/>
</kw>
<status status="PASS" starttime="20241110 21:10:58.586" endtime="20241110 21:10:58.614"/>
</iter>
<iter>
<var name="${index_menu_2}">4</var>
<kw name="Catenate" library="BuiltIn">
<var>${locator_menu_2}</var>
<arg>SEPARATOR=</arg>
<arg>(${notebook_search_locator['menu_level_1']})[${index_menu_1}]/ul/li[${index_menu_2}]</arg>
<doc>Catenates the given items together and returns the resulted string.</doc>
<msg timestamp="20241110 21:10:58.615" level="INFO">${locator_menu_2} = (//ul[@class="desktop-menu"]/li)[2]/ul/li[4]</msg>
<status status="PASS" starttime="20241110 21:10:58.614" endtime="20241110 21:10:58.615"/>
</kw>
<kw name="Get Text" library="SeleniumLibrary">
<var>${menu_text}</var>
<arg>${locator_menu_2}</arg>
<doc>Returns the text value of the element identified by ``locator``.</doc>
<msg timestamp="20241110 21:10:58.644" level="INFO">${menu_text} = Mobile &amp; Tablets</msg>
<status status="PASS" starttime="20241110 21:10:58.615" endtime="20241110 21:10:58.644"/>
</kw>
<kw name="Append To List" library="Collections">
<arg>${list}</arg>
<arg>${menu_text}</arg>
<doc>Adds ``values`` to the end of ``list``.</doc>
<status status="PASS" starttime="20241110 21:10:58.645" endtime="20241110 21:10:58.645"/>
</kw>
<status status="PASS" starttime="20241110 21:10:58.614" endtime="20241110 21:10:58.645"/>
</iter>
<iter>
<var name="${index_menu_2}">5</var>
<kw name="Catenate" library="BuiltIn">
<var>${locator_menu_2}</var>
<arg>SEPARATOR=</arg>
<arg>(${notebook_search_locator['menu_level_1']})[${index_menu_1}]/ul/li[${index_menu_2}]</arg>
<doc>Catenates the given items together and returns the resulted string.</doc>
<msg timestamp="20241110 21:10:58.645" level="INFO">${locator_menu_2} = (//ul[@class="desktop-menu"]/li)[2]/ul/li[5]</msg>
<status status="PASS" starttime="20241110 21:10:58.645" endtime="20241110 21:10:58.645"/>
</kw>
<kw name="Get Text" library="SeleniumLibrary">
<var>${menu_text}</var>
<arg>${locator_menu_2}</arg>
<doc>Returns the text value of the element identified by ``locator``.</doc>
<msg timestamp="20241110 21:10:58.669" level="INFO">${menu_text} = Accessories</msg>
<status status="PASS" starttime="20241110 21:10:58.646" endtime="20241110 21:10:58.669"/>
</kw>
<kw name="Append To List" library="Collections">
<arg>${list}</arg>
<arg>${menu_text}</arg>
<doc>Adds ``values`` to the end of ``list``.</doc>
<status status="PASS" starttime="20241110 21:10:58.670" endtime="20241110 21:10:58.670"/>
</kw>
<status status="PASS" starttime="20241110 21:10:58.645" endtime="20241110 21:10:58.670"/>
</iter>
<status status="PASS" starttime="20241110 21:10:58.527" endtime="20241110 21:10:58.670"/>
</for>
<status status="PASS" starttime="20241110 21:10:58.527" endtime="20241110 21:10:58.670"/>
</branch>
<branch type="ELSE IF" condition="${index_menu_1} == ${5}">
<kw name="Catenate" library="BuiltIn">
<var>${locator_menu_2}</var>
<arg>SEPARATOR=</arg>
<arg>(${notebook_search_locator['menu_level_1']})[${index_menu_1}]/div/ul/li</arg>
<doc>Catenates the given items together and returns the resulted string.</doc>
<status status="NOT RUN" starttime="20241110 21:10:58.670" endtime="20241110 21:10:58.670"/>
</kw>
<kw name="Get Element Count" library="SeleniumLibrary">
<var>${total_menu_level_2}</var>
<arg>${locator_menu_2}</arg>
<doc>Returns the number of elements matching ``locator``.</doc>
<status status="NOT RUN" starttime="20241110 21:10:58.670" endtime="20241110 21:10:58.670"/>
</kw>
<for flavor="IN RANGE">
<var>${index_menu_3}</var>
<value>1</value>
<value>${total_menu_level_2}+1</value>
<iter>
<var name="${index_menu_3}"/>
<kw name="Catenate" library="BuiltIn">
<var>${locator_menu_2}</var>
<arg>SEPARATOR=</arg>
<arg>(${notebook_search_locator['menu_level_1']})[${index_menu_1}]/div/ul/li[${index_menu_3}]</arg>
<doc>Catenates the given items together and returns the resulted string.</doc>
<status status="NOT RUN" starttime="20241110 21:10:58.670" endtime="20241110 21:10:58.670"/>
</kw>
<kw name="Get Text" library="SeleniumLibrary">
<var>${menu_text}</var>
<arg>${locator_menu_2}</arg>
<doc>Returns the text value of the element identified by ``locator``.</doc>
<status status="NOT RUN" starttime="20241110 21:10:58.670" endtime="20241110 21:10:58.670"/>
</kw>
<kw name="Append To List" library="Collections">
<arg>${list}</arg>
<arg>${menu_text}</arg>
<doc>Adds ``values`` to the end of ``list``.</doc>
<status status="NOT RUN" starttime="20241110 21:10:58.670" endtime="20241110 21:10:58.670"/>
</kw>
<status status="NOT RUN" starttime="20241110 21:10:58.670" endtime="20241110 21:10:58.671"/>
</iter>
<status status="NOT RUN" starttime="20241110 21:10:58.670" endtime="20241110 21:10:58.671"/>
</for>
<for flavor="IN RANGE">
<var>${index_menu_3}</var>
<value>1</value>
<value>${total_menu_level_2}+1</value>
<iter>
<var name="${index_menu_3}"/>
<kw name="Catenate" library="BuiltIn">
<var>${locator_menu_2}</var>
<arg>SEPARATOR=</arg>
<arg>(${notebook_search_locator['menu_level_1']})[${index_menu_1}]/div/ul/li[${index_menu_3}]/a/div/img</arg>
<doc>Catenates the given items together and returns the resulted string.</doc>
<status status="NOT RUN" starttime="20241110 21:10:58.671" endtime="20241110 21:10:58.671"/>
</kw>
<kw name="Get Element Attribute" library="SeleniumLibrary">
<var>${menu_img}</var>
<arg>${locator_menu_2}</arg>
<arg>src</arg>
<doc>Returns the value of ``attribute`` from the element ``locator``.</doc>
<status status="NOT RUN" starttime="20241110 21:10:58.671" endtime="20241110 21:10:58.671"/>
</kw>
<kw name="Append To List" library="Collections">
<arg>${list}</arg>
<arg>${menu_img}</arg>
<doc>Adds ``values`` to the end of ``list``.</doc>
<status status="NOT RUN" starttime="20241110 21:10:58.671" endtime="20241110 21:10:58.671"/>
</kw>
<status status="NOT RUN" starttime="20241110 21:10:58.671" endtime="20241110 21:10:58.671"/>
</iter>
<status status="NOT RUN" starttime="20241110 21:10:58.671" endtime="20241110 21:10:58.671"/>
</for>
<status status="NOT RUN" starttime="20241110 21:10:58.670" endtime="20241110 21:10:58.671"/>
</branch>
<branch type="ELSE IF" condition="${index_menu_1} == ${6}">
<kw name="Catenate" library="BuiltIn">
<var>${locator_menu_2}</var>
<arg>SEPARATOR=</arg>
<arg>(${notebook_search_locator['menu_level_1']})[${index_menu_1}]/a</arg>
<doc>Catenates the given items together and returns the resulted string.</doc>
<status status="NOT RUN" starttime="20241110 21:10:58.671" endtime="20241110 21:10:58.671"/>
</kw>
<kw name="Get Element Attribute" library="SeleniumLibrary">
<var>${menu_links}</var>
<arg>${locator_menu_2}</arg>
<arg>href</arg>
<doc>Returns the value of ``attribute`` from the element ``locator``.</doc>
<status status="NOT RUN" starttime="20241110 21:10:58.671" endtime="20241110 21:10:58.671"/>
</kw>
<kw name="Append To List" library="Collections">
<arg>${list}</arg>
<arg>${menu_links}</arg>
<doc>Adds ``values`` to the end of ``list``.</doc>
<status status="NOT RUN" starttime="20241110 21:10:58.671" endtime="20241110 21:10:58.671"/>
</kw>
<status status="NOT RUN" starttime="20241110 21:10:58.671" endtime="20241110 21:10:58.671"/>
</branch>
<status status="PASS" starttime="20241110 21:10:58.526" endtime="20241110 21:10:58.671"/>
</if>
<status status="PASS" starttime="20241110 21:10:58.233" endtime="20241110 21:10:58.671"/>
</iter>
<iter>
<var name="${index_menu_1}">3</var>
<kw name="Mouse Over" library="SeleniumLibrary">
<arg>(${notebook_search_locator['menu_level_1']})[${index_menu_1}]</arg>
<doc>Simulates hovering the mouse over the element ``locator``.</doc>
<msg timestamp="20241110 21:10:58.672" level="INFO">Simulating Mouse Over on element '(//ul[@class="desktop-menu"]/li)[3]'.</msg>
<status status="PASS" starttime="20241110 21:10:58.671" endtime="20241110 21:10:58.970"/>
</kw>
<kw name="Catenate" library="BuiltIn">
<var>${locator_menu_1}</var>
<arg>SEPARATOR=</arg>
<arg>(${notebook_search_locator['menu_level_1']})[${index_menu_1}]/ul/li</arg>
<doc>Catenates the given items together and returns the resulted string.</doc>
<msg timestamp="20241110 21:10:58.972" level="INFO">${locator_menu_1} = (//ul[@class="desktop-menu"]/li)[3]/ul/li</msg>
<status status="PASS" starttime="20241110 21:10:58.970" endtime="20241110 21:10:58.972"/>
</kw>
<kw name="Get Element Count" library="SeleniumLibrary">
<var>${total_menu_level_2}</var>
<arg>${locator_menu_1}</arg>
<doc>Returns the number of elements matching ``locator``.</doc>
<msg timestamp="20241110 21:10:58.999" level="INFO">${total_menu_level_2} = 8</msg>
<status status="PASS" starttime="20241110 21:10:58.972" endtime="20241110 21:10:58.999"/>
</kw>
<if>
<branch type="IF" condition="${index_menu_1} &lt; ${5}">
<for flavor="IN RANGE">
<var>${index_menu_2}</var>
<value>1</value>
<value>${total_menu_level_2}+1</value>
<iter>
<var name="${index_menu_2}">1</var>
<kw name="Catenate" library="BuiltIn">
<var>${locator_menu_2}</var>
<arg>SEPARATOR=</arg>
<arg>(${notebook_search_locator['menu_level_1']})[${index_menu_1}]/ul/li[${index_menu_2}]</arg>
<doc>Catenates the given items together and returns the resulted string.</doc>
<msg timestamp="20241110 21:10:59.001" level="INFO">${locator_menu_2} = (//ul[@class="desktop-menu"]/li)[3]/ul/li[1]</msg>
<status status="PASS" starttime="20241110 21:10:59.001" endtime="20241110 21:10:59.001"/>
</kw>
<kw name="Get Text" library="SeleniumLibrary">
<var>${menu_text}</var>
<arg>${locator_menu_2}</arg>
<doc>Returns the text value of the element identified by ``locator``.</doc>
<msg timestamp="20241110 21:10:59.020" level="INFO">${menu_text} = News</msg>
<status status="PASS" starttime="20241110 21:10:59.001" endtime="20241110 21:10:59.020"/>
</kw>
<kw name="Append To List" library="Collections">
<arg>${list}</arg>
<arg>${menu_text}</arg>
<doc>Adds ``values`` to the end of ``list``.</doc>
<status status="PASS" starttime="20241110 21:10:59.020" endtime="20241110 21:10:59.021"/>
</kw>
<status status="PASS" starttime="20241110 21:10:59.000" endtime="20241110 21:10:59.021"/>
</iter>
<iter>
<var name="${index_menu_2}">2</var>
<kw name="Catenate" library="BuiltIn">
<var>${locator_menu_2}</var>
<arg>SEPARATOR=</arg>
<arg>(${notebook_search_locator['menu_level_1']})[${index_menu_1}]/ul/li[${index_menu_2}]</arg>
<doc>Catenates the given items together and returns the resulted string.</doc>
<msg timestamp="20241110 21:10:59.021" level="INFO">${locator_menu_2} = (//ul[@class="desktop-menu"]/li)[3]/ul/li[2]</msg>
<status status="PASS" starttime="20241110 21:10:59.021" endtime="20241110 21:10:59.021"/>
</kw>
<kw name="Get Text" library="SeleniumLibrary">
<var>${menu_text}</var>
<arg>${locator_menu_2}</arg>
<doc>Returns the text value of the element identified by ``locator``.</doc>
<msg timestamp="20241110 21:10:59.039" level="INFO">${menu_text} = Promotion</msg>
<status status="PASS" starttime="20241110 21:10:59.021" endtime="20241110 21:10:59.039"/>
</kw>
<kw name="Append To List" library="Collections">
<arg>${list}</arg>
<arg>${menu_text}</arg>
<doc>Adds ``values`` to the end of ``list``.</doc>
<status status="PASS" starttime="20241110 21:10:59.039" endtime="20241110 21:10:59.039"/>
</kw>
<status status="PASS" starttime="20241110 21:10:59.021" endtime="20241110 21:10:59.039"/>
</iter>
<iter>
<var name="${index_menu_2}">3</var>
<kw name="Catenate" library="BuiltIn">
<var>${locator_menu_2}</var>
<arg>SEPARATOR=</arg>
<arg>(${notebook_search_locator['menu_level_1']})[${index_menu_1}]/ul/li[${index_menu_2}]</arg>
<doc>Catenates the given items together and returns the resulted string.</doc>
<msg timestamp="20241110 21:10:59.040" level="INFO">${locator_menu_2} = (//ul[@class="desktop-menu"]/li)[3]/ul/li[3]</msg>
<status status="PASS" starttime="20241110 21:10:59.039" endtime="20241110 21:10:59.040"/>
</kw>
<kw name="Get Text" library="SeleniumLibrary">
<var>${menu_text}</var>
<arg>${locator_menu_2}</arg>
<doc>Returns the text value of the element identified by ``locator``.</doc>
<msg timestamp="20241110 21:10:59.058" level="INFO">${menu_text} = Buyer’s Guide</msg>
<status status="PASS" starttime="20241110 21:10:59.040" endtime="20241110 21:10:59.058"/>
</kw>
<kw name="Append To List" library="Collections">
<arg>${list}</arg>
<arg>${menu_text}</arg>
<doc>Adds ``values`` to the end of ``list``.</doc>
<status status="PASS" starttime="20241110 21:10:59.058" endtime="20241110 21:10:59.058"/>
</kw>
<status status="PASS" starttime="20241110 21:10:59.039" endtime="20241110 21:10:59.058"/>
</iter>
<iter>
<var name="${index_menu_2}">4</var>
<kw name="Catenate" library="BuiltIn">
<var>${locator_menu_2}</var>
<arg>SEPARATOR=</arg>
<arg>(${notebook_search_locator['menu_level_1']})[${index_menu_1}]/ul/li[${index_menu_2}]</arg>
<doc>Catenates the given items together and returns the resulted string.</doc>
<msg timestamp="20241110 21:10:59.059" level="INFO">${locator_menu_2} = (//ul[@class="desktop-menu"]/li)[3]/ul/li[4]</msg>
<status status="PASS" starttime="20241110 21:10:59.058" endtime="20241110 21:10:59.059"/>
</kw>
<kw name="Get Text" library="SeleniumLibrary">
<var>${menu_text}</var>
<arg>${locator_menu_2}</arg>
<doc>Returns the text value of the element identified by ``locator``.</doc>
<msg timestamp="20241110 21:10:59.076" level="INFO">${menu_text} = Software</msg>
<status status="PASS" starttime="20241110 21:10:59.059" endtime="20241110 21:10:59.076"/>
</kw>
<kw name="Append To List" library="Collections">
<arg>${list}</arg>
<arg>${menu_text}</arg>
<doc>Adds ``values`` to the end of ``list``.</doc>
<status status="PASS" starttime="20241110 21:10:59.076" endtime="20241110 21:10:59.077"/>
</kw>
<status status="PASS" starttime="20241110 21:10:59.058" endtime="20241110 21:10:59.077"/>
</iter>
<iter>
<var name="${index_menu_2}">5</var>
<kw name="Catenate" library="BuiltIn">
<var>${locator_menu_2}</var>
<arg>SEPARATOR=</arg>
<arg>(${notebook_search_locator['menu_level_1']})[${index_menu_1}]/ul/li[${index_menu_2}]</arg>
<doc>Catenates the given items together and returns the resulted string.</doc>
<msg timestamp="20241110 21:10:59.077" level="INFO">${locator_menu_2} = (//ul[@class="desktop-menu"]/li)[3]/ul/li[5]</msg>
<status status="PASS" starttime="20241110 21:10:59.077" endtime="20241110 21:10:59.077"/>
</kw>
<kw name="Get Text" library="SeleniumLibrary">
<var>${menu_text}</var>
<arg>${locator_menu_2}</arg>
<doc>Returns the text value of the element identified by ``locator``.</doc>
<msg timestamp="20241110 21:10:59.095" level="INFO">${menu_text} = Specials</msg>
<status status="PASS" starttime="20241110 21:10:59.077" endtime="20241110 21:10:59.095"/>
</kw>
<kw name="Append To List" library="Collections">
<arg>${list}</arg>
<arg>${menu_text}</arg>
<doc>Adds ``values`` to the end of ``list``.</doc>
<status status="PASS" starttime="20241110 21:10:59.095" endtime="20241110 21:10:59.095"/>
</kw>
<status status="PASS" starttime="20241110 21:10:59.077" endtime="20241110 21:10:59.095"/>
</iter>
<iter>
<var name="${index_menu_2}">6</var>
<kw name="Catenate" library="BuiltIn">
<var>${locator_menu_2}</var>
<arg>SEPARATOR=</arg>
<arg>(${notebook_search_locator['menu_level_1']})[${index_menu_1}]/ul/li[${index_menu_2}]</arg>
<doc>Catenates the given items together and returns the resulted string.</doc>
<msg timestamp="20241110 21:10:59.096" level="INFO">${locator_menu_2} = (//ul[@class="desktop-menu"]/li)[3]/ul/li[6]</msg>
<status status="PASS" starttime="20241110 21:10:59.095" endtime="20241110 21:10:59.096"/>
</kw>
<kw name="Get Text" library="SeleniumLibrary">
<var>${menu_text}</var>
<arg>${locator_menu_2}</arg>
<doc>Returns the text value of the element identified by ``locator``.</doc>
<msg timestamp="20241110 21:10:59.114" level="INFO">${menu_text} = How to</msg>
<status status="PASS" starttime="20241110 21:10:59.096" endtime="20241110 21:10:59.114"/>
</kw>
<kw name="Append To List" library="Collections">
<arg>${list}</arg>
<arg>${menu_text}</arg>
<doc>Adds ``values`` to the end of ``list``.</doc>
<status status="PASS" starttime="20241110 21:10:59.114" endtime="20241110 21:10:59.114"/>
</kw>
<status status="PASS" starttime="20241110 21:10:59.095" endtime="20241110 21:10:59.114"/>
</iter>
<iter>
<var name="${index_menu_2}">7</var>
<kw name="Catenate" library="BuiltIn">
<var>${locator_menu_2}</var>
<arg>SEPARATOR=</arg>
<arg>(${notebook_search_locator['menu_level_1']})[${index_menu_1}]/ul/li[${index_menu_2}]</arg>
<doc>Catenates the given items together and returns the resulted string.</doc>
<msg timestamp="20241110 21:10:59.115" level="INFO">${locator_menu_2} = (//ul[@class="desktop-menu"]/li)[3]/ul/li[7]</msg>
<status status="PASS" starttime="20241110 21:10:59.114" endtime="20241110 21:10:59.115"/>
</kw>
<kw name="Get Text" library="SeleniumLibrary">
<var>${menu_text}</var>
<arg>${locator_menu_2}</arg>
<doc>Returns the text value of the element identified by ``locator``.</doc>
<msg timestamp="20241110 21:10:59.134" level="INFO">${menu_text} = Tips &amp; Tricks</msg>
<status status="PASS" starttime="20241110 21:10:59.115" endtime="20241110 21:10:59.134"/>
</kw>
<kw name="Append To List" library="Collections">
<arg>${list}</arg>
<arg>${menu_text}</arg>
<doc>Adds ``values`` to the end of ``list``.</doc>
<status status="PASS" starttime="20241110 21:10:59.134" endtime="20241110 21:10:59.134"/>
</kw>
<status status="PASS" starttime="20241110 21:10:59.114" endtime="20241110 21:10:59.134"/>
</iter>
<iter>
<var name="${index_menu_2}">8</var>
<kw name="Catenate" library="BuiltIn">
<var>${locator_menu_2}</var>
<arg>SEPARATOR=</arg>
<arg>(${notebook_search_locator['menu_level_1']})[${index_menu_1}]/ul/li[${index_menu_2}]</arg>
<doc>Catenates the given items together and returns the resulted string.</doc>
<msg timestamp="20241110 21:10:59.134" level="INFO">${locator_menu_2} = (//ul[@class="desktop-menu"]/li)[3]/ul/li[8]</msg>
<status status="PASS" starttime="20241110 21:10:59.134" endtime="20241110 21:10:59.134"/>
</kw>
<kw name="Get Text" library="SeleniumLibrary">
<var>${menu_text}</var>
<arg>${locator_menu_2}</arg>
<doc>Returns the text value of the element identified by ``locator``.</doc>
<msg timestamp="20241110 21:10:59.154" level="INFO">${menu_text} = Brands</msg>
<status status="PASS" starttime="20241110 21:10:59.135" endtime="20241110 21:10:59.154"/>
</kw>
<kw name="Append To List" library="Collections">
<arg>${list}</arg>
<arg>${menu_text}</arg>
<doc>Adds ``values`` to the end of ``list``.</doc>
<status status="PASS" starttime="20241110 21:10:59.154" endtime="20241110 21:10:59.154"/>
</kw>
<status status="PASS" starttime="20241110 21:10:59.134" endtime="20241110 21:10:59.154"/>
</iter>
<status status="PASS" starttime="20241110 21:10:59.000" endtime="20241110 21:10:59.154"/>
</for>
<status status="PASS" starttime="20241110 21:10:59.000" endtime="20241110 21:10:59.154"/>
</branch>
<branch type="ELSE IF" condition="${index_menu_1} == ${5}">
<kw name="Catenate" library="BuiltIn">
<var>${locator_menu_2}</var>
<arg>SEPARATOR=</arg>
<arg>(${notebook_search_locator['menu_level_1']})[${index_menu_1}]/div/ul/li</arg>
<doc>Catenates the given items together and returns the resulted string.</doc>
<status status="NOT RUN" starttime="20241110 21:10:59.154" endtime="20241110 21:10:59.154"/>
</kw>
<kw name="Get Element Count" library="SeleniumLibrary">
<var>${total_menu_level_2}</var>
<arg>${locator_menu_2}</arg>
<doc>Returns the number of elements matching ``locator``.</doc>
<status status="NOT RUN" starttime="20241110 21:10:59.154" endtime="20241110 21:10:59.154"/>
</kw>
<for flavor="IN RANGE">
<var>${index_menu_3}</var>
<value>1</value>
<value>${total_menu_level_2}+1</value>
<iter>
<var name="${index_menu_3}"/>
<kw name="Catenate" library="BuiltIn">
<var>${locator_menu_2}</var>
<arg>SEPARATOR=</arg>
<arg>(${notebook_search_locator['menu_level_1']})[${index_menu_1}]/div/ul/li[${index_menu_3}]</arg>
<doc>Catenates the given items together and returns the resulted string.</doc>
<status status="NOT RUN" starttime="20241110 21:10:59.155" endtime="20241110 21:10:59.155"/>
</kw>
<kw name="Get Text" library="SeleniumLibrary">
<var>${menu_text}</var>
<arg>${locator_menu_2}</arg>
<doc>Returns the text value of the element identified by ``locator``.</doc>
<status status="NOT RUN" starttime="20241110 21:10:59.155" endtime="20241110 21:10:59.155"/>
</kw>
<kw name="Append To List" library="Collections">
<arg>${list}</arg>
<arg>${menu_text}</arg>
<doc>Adds ``values`` to the end of ``list``.</doc>
<status status="NOT RUN" starttime="20241110 21:10:59.155" endtime="20241110 21:10:59.155"/>
</kw>
<status status="NOT RUN" starttime="20241110 21:10:59.154" endtime="20241110 21:10:59.155"/>
</iter>
<status status="NOT RUN" starttime="20241110 21:10:59.154" endtime="20241110 21:10:59.155"/>
</for>
<for flavor="IN RANGE">
<var>${index_menu_3}</var>
<value>1</value>
<value>${total_menu_level_2}+1</value>
<iter>
<var name="${index_menu_3}"/>
<kw name="Catenate" library="BuiltIn">
<var>${locator_menu_2}</var>
<arg>SEPARATOR=</arg>
<arg>(${notebook_search_locator['menu_level_1']})[${index_menu_1}]/div/ul/li[${index_menu_3}]/a/div/img</arg>
<doc>Catenates the given items together and returns the resulted string.</doc>
<status status="NOT RUN" starttime="20241110 21:10:59.155" endtime="20241110 21:10:59.155"/>
</kw>
<kw name="Get Element Attribute" library="SeleniumLibrary">
<var>${menu_img}</var>
<arg>${locator_menu_2}</arg>
<arg>src</arg>
<doc>Returns the value of ``attribute`` from the element ``locator``.</doc>
<status status="NOT RUN" starttime="20241110 21:10:59.155" endtime="20241110 21:10:59.155"/>
</kw>
<kw name="Append To List" library="Collections">
<arg>${list}</arg>
<arg>${menu_img}</arg>
<doc>Adds ``values`` to the end of ``list``.</doc>
<status status="NOT RUN" starttime="20241110 21:10:59.155" endtime="20241110 21:10:59.155"/>
</kw>
<status status="NOT RUN" starttime="20241110 21:10:59.155" endtime="20241110 21:10:59.155"/>
</iter>
<status status="NOT RUN" starttime="20241110 21:10:59.155" endtime="20241110 21:10:59.155"/>
</for>
<status status="NOT RUN" starttime="20241110 21:10:59.154" endtime="20241110 21:10:59.155"/>
</branch>
<branch type="ELSE IF" condition="${index_menu_1} == ${6}">
<kw name="Catenate" library="BuiltIn">
<var>${locator_menu_2}</var>
<arg>SEPARATOR=</arg>
<arg>(${notebook_search_locator['menu_level_1']})[${index_menu_1}]/a</arg>
<doc>Catenates the given items together and returns the resulted string.</doc>
<status status="NOT RUN" starttime="20241110 21:10:59.155" endtime="20241110 21:10:59.155"/>
</kw>
<kw name="Get Element Attribute" library="SeleniumLibrary">
<var>${menu_links}</var>
<arg>${locator_menu_2}</arg>
<arg>href</arg>
<doc>Returns the value of ``attribute`` from the element ``locator``.</doc>
<status status="NOT RUN" starttime="20241110 21:10:59.156" endtime="20241110 21:10:59.156"/>
</kw>
<kw name="Append To List" library="Collections">
<arg>${list}</arg>
<arg>${menu_links}</arg>
<doc>Adds ``values`` to the end of ``list``.</doc>
<status status="NOT RUN" starttime="20241110 21:10:59.156" endtime="20241110 21:10:59.156"/>
</kw>
<status status="NOT RUN" starttime="20241110 21:10:59.155" endtime="20241110 21:10:59.156"/>
</branch>
<status status="PASS" starttime="20241110 21:10:58.999" endtime="20241110 21:10:59.156"/>
</if>
<status status="PASS" starttime="20241110 21:10:58.671" endtime="20241110 21:10:59.156"/>
</iter>
<iter>
<var name="${index_menu_1}">4</var>
<kw name="Mouse Over" library="SeleniumLibrary">
<arg>(${notebook_search_locator['menu_level_1']})[${index_menu_1}]</arg>
<doc>Simulates hovering the mouse over the element ``locator``.</doc>
<msg timestamp="20241110 21:10:59.156" level="INFO">Simulating Mouse Over on element '(//ul[@class="desktop-menu"]/li)[4]'.</msg>
<status status="PASS" starttime="20241110 21:10:59.156" endtime="20241110 21:10:59.425"/>
</kw>
<kw name="Catenate" library="BuiltIn">
<var>${locator_menu_1}</var>
<arg>SEPARATOR=</arg>
<arg>(${notebook_search_locator['menu_level_1']})[${index_menu_1}]/ul/li</arg>
<doc>Catenates the given items together and returns the resulted string.</doc>
<msg timestamp="20241110 21:10:59.426" level="INFO">${locator_menu_1} = (//ul[@class="desktop-menu"]/li)[4]/ul/li</msg>
<status status="PASS" starttime="20241110 21:10:59.425" endtime="20241110 21:10:59.426"/>
</kw>
<kw name="Get Element Count" library="SeleniumLibrary">
<var>${total_menu_level_2}</var>
<arg>${locator_menu_1}</arg>
<doc>Returns the number of elements matching ``locator``.</doc>
<msg timestamp="20241110 21:10:59.436" level="INFO">${total_menu_level_2} = 4</msg>
<status status="PASS" starttime="20241110 21:10:59.426" endtime="20241110 21:10:59.436"/>
</kw>
<if>
<branch type="IF" condition="${index_menu_1} &lt; ${5}">
<for flavor="IN RANGE">
<var>${index_menu_2}</var>
<value>1</value>
<value>${total_menu_level_2}+1</value>
<iter>
<var name="${index_menu_2}">1</var>
<kw name="Catenate" library="BuiltIn">
<var>${locator_menu_2}</var>
<arg>SEPARATOR=</arg>
<arg>(${notebook_search_locator['menu_level_1']})[${index_menu_1}]/ul/li[${index_menu_2}]</arg>
<doc>Catenates the given items together and returns the resulted string.</doc>
<msg timestamp="20241110 21:10:59.437" level="INFO">${locator_menu_2} = (//ul[@class="desktop-menu"]/li)[4]/ul/li[1]</msg>
<status status="PASS" starttime="20241110 21:10:59.437" endtime="20241110 21:10:59.437"/>
</kw>
<kw name="Get Text" library="SeleniumLibrary">
<var>${menu_text}</var>
<arg>${locator_menu_2}</arg>
<doc>Returns the text value of the element identified by ``locator``.</doc>
<msg timestamp="20241110 21:10:59.455" level="INFO">${menu_text} = Notebook</msg>
<status status="PASS" starttime="20241110 21:10:59.437" endtime="20241110 21:10:59.455"/>
</kw>
<kw name="Append To List" library="Collections">
<arg>${list}</arg>
<arg>${menu_text}</arg>
<doc>Adds ``values`` to the end of ``list``.</doc>
<status status="PASS" starttime="20241110 21:10:59.455" endtime="20241110 21:10:59.456"/>
</kw>
<status status="PASS" starttime="20241110 21:10:59.437" endtime="20241110 21:10:59.456"/>
</iter>
<iter>
<var name="${index_menu_2}">2</var>
<kw name="Catenate" library="BuiltIn">
<var>${locator_menu_2}</var>
<arg>SEPARATOR=</arg>
<arg>(${notebook_search_locator['menu_level_1']})[${index_menu_1}]/ul/li[${index_menu_2}]</arg>
<doc>Catenates the given items together and returns the resulted string.</doc>
<msg timestamp="20241110 21:10:59.456" level="INFO">${locator_menu_2} = (//ul[@class="desktop-menu"]/li)[4]/ul/li[2]</msg>
<status status="PASS" starttime="20241110 21:10:59.456" endtime="20241110 21:10:59.456"/>
</kw>
<kw name="Get Text" library="SeleniumLibrary">
<var>${menu_text}</var>
<arg>${locator_menu_2}</arg>
<doc>Returns the text value of the element identified by ``locator``.</doc>
<msg timestamp="20241110 21:10:59.474" level="INFO">${menu_text} = PC Component</msg>
<status status="PASS" starttime="20241110 21:10:59.456" endtime="20241110 21:10:59.474"/>
</kw>
<kw name="Append To List" library="Collections">
<arg>${list}</arg>
<arg>${menu_text}</arg>
<doc>Adds ``values`` to the end of ``list``.</doc>
<status status="PASS" starttime="20241110 21:10:59.474" endtime="20241110 21:10:59.474"/>
</kw>
<status status="PASS" starttime="20241110 21:10:59.456" endtime="20241110 21:10:59.474"/>
</iter>
<iter>
<var name="${index_menu_2}">3</var>
<kw name="Catenate" library="BuiltIn">
<var>${locator_menu_2}</var>
<arg>SEPARATOR=</arg>
<arg>(${notebook_search_locator['menu_level_1']})[${index_menu_1}]/ul/li[${index_menu_2}]</arg>
<doc>Catenates the given items together and returns the resulted string.</doc>
<msg timestamp="20241110 21:10:59.475" level="INFO">${locator_menu_2} = (//ul[@class="desktop-menu"]/li)[4]/ul/li[3]</msg>
<status status="PASS" starttime="20241110 21:10:59.474" endtime="20241110 21:10:59.475"/>
</kw>
<kw name="Get Text" library="SeleniumLibrary">
<var>${menu_text}</var>
<arg>${locator_menu_2}</arg>
<doc>Returns the text value of the element identified by ``locator``.</doc>
<msg timestamp="20241110 21:10:59.492" level="INFO">${menu_text} = Gaming Gears</msg>
<status status="PASS" starttime="20241110 21:10:59.475" endtime="20241110 21:10:59.492"/>
</kw>
<kw name="Append To List" library="Collections">
<arg>${list}</arg>
<arg>${menu_text}</arg>
<doc>Adds ``values`` to the end of ``list``.</doc>
<status status="PASS" starttime="20241110 21:10:59.492" endtime="20241110 21:10:59.492"/>
</kw>
<status status="PASS" starttime="20241110 21:10:59.474" endtime="20241110 21:10:59.492"/>
</iter>
<iter>
<var name="${index_menu_2}">4</var>
<kw name="Catenate" library="BuiltIn">
<var>${locator_menu_2}</var>
<arg>SEPARATOR=</arg>
<arg>(${notebook_search_locator['menu_level_1']})[${index_menu_1}]/ul/li[${index_menu_2}]</arg>
<doc>Catenates the given items together and returns the resulted string.</doc>
<msg timestamp="20241110 21:10:59.493" level="INFO">${locator_menu_2} = (//ul[@class="desktop-menu"]/li)[4]/ul/li[4]</msg>
<status status="PASS" starttime="20241110 21:10:59.492" endtime="20241110 21:10:59.493"/>
</kw>
<kw name="Get Text" library="SeleniumLibrary">
<var>${menu_text}</var>
<arg>${locator_menu_2}</arg>
<doc>Returns the text value of the element identified by ``locator``.</doc>
<msg timestamp="20241110 21:10:59.511" level="INFO">${menu_text} = Others</msg>
<status status="PASS" starttime="20241110 21:10:59.493" endtime="20241110 21:10:59.511"/>
</kw>
<kw name="Append To List" library="Collections">
<arg>${list}</arg>
<arg>${menu_text}</arg>
<doc>Adds ``values`` to the end of ``list``.</doc>
<status status="PASS" starttime="20241110 21:10:59.511" endtime="20241110 21:10:59.511"/>
</kw>
<status status="PASS" starttime="20241110 21:10:59.492" endtime="20241110 21:10:59.511"/>
</iter>
<status status="PASS" starttime="20241110 21:10:59.437" endtime="20241110 21:10:59.511"/>
</for>
<status status="PASS" starttime="20241110 21:10:59.437" endtime="20241110 21:10:59.511"/>
</branch>
<branch type="ELSE IF" condition="${index_menu_1} == ${5}">
<kw name="Catenate" library="BuiltIn">
<var>${locator_menu_2}</var>
<arg>SEPARATOR=</arg>
<arg>(${notebook_search_locator['menu_level_1']})[${index_menu_1}]/div/ul/li</arg>
<doc>Catenates the given items together and returns the resulted string.</doc>
<status status="NOT RUN" starttime="20241110 21:10:59.511" endtime="20241110 21:10:59.511"/>
</kw>
<kw name="Get Element Count" library="SeleniumLibrary">
<var>${total_menu_level_2}</var>
<arg>${locator_menu_2}</arg>
<doc>Returns the number of elements matching ``locator``.</doc>
<status status="NOT RUN" starttime="20241110 21:10:59.511" endtime="20241110 21:10:59.511"/>
</kw>
<for flavor="IN RANGE">
<var>${index_menu_3}</var>
<value>1</value>
<value>${total_menu_level_2}+1</value>
<iter>
<var name="${index_menu_3}"/>
<kw name="Catenate" library="BuiltIn">
<var>${locator_menu_2}</var>
<arg>SEPARATOR=</arg>
<arg>(${notebook_search_locator['menu_level_1']})[${index_menu_1}]/div/ul/li[${index_menu_3}]</arg>
<doc>Catenates the given items together and returns the resulted string.</doc>
<status status="NOT RUN" starttime="20241110 21:10:59.511" endtime="20241110 21:10:59.512"/>
</kw>
<kw name="Get Text" library="SeleniumLibrary">
<var>${menu_text}</var>
<arg>${locator_menu_2}</arg>
<doc>Returns the text value of the element identified by ``locator``.</doc>
<status status="NOT RUN" starttime="20241110 21:10:59.512" endtime="20241110 21:10:59.512"/>
</kw>
<kw name="Append To List" library="Collections">
<arg>${list}</arg>
<arg>${menu_text}</arg>
<doc>Adds ``values`` to the end of ``list``.</doc>
<status status="NOT RUN" starttime="20241110 21:10:59.512" endtime="20241110 21:10:59.512"/>
</kw>
<status status="NOT RUN" starttime="20241110 21:10:59.511" endtime="20241110 21:10:59.512"/>
</iter>
<status status="NOT RUN" starttime="20241110 21:10:59.511" endtime="20241110 21:10:59.512"/>
</for>
<for flavor="IN RANGE">
<var>${index_menu_3}</var>
<value>1</value>
<value>${total_menu_level_2}+1</value>
<iter>
<var name="${index_menu_3}"/>
<kw name="Catenate" library="BuiltIn">
<var>${locator_menu_2}</var>
<arg>SEPARATOR=</arg>
<arg>(${notebook_search_locator['menu_level_1']})[${index_menu_1}]/div/ul/li[${index_menu_3}]/a/div/img</arg>
<doc>Catenates the given items together and returns the resulted string.</doc>
<status status="NOT RUN" starttime="20241110 21:10:59.512" endtime="20241110 21:10:59.512"/>
</kw>
<kw name="Get Element Attribute" library="SeleniumLibrary">
<var>${menu_img}</var>
<arg>${locator_menu_2}</arg>
<arg>src</arg>
<doc>Returns the value of ``attribute`` from the element ``locator``.</doc>
<status status="NOT RUN" starttime="20241110 21:10:59.512" endtime="20241110 21:10:59.512"/>
</kw>
<kw name="Append To List" library="Collections">
<arg>${list}</arg>
<arg>${menu_img}</arg>
<doc>Adds ``values`` to the end of ``list``.</doc>
<status status="NOT RUN" starttime="20241110 21:10:59.512" endtime="20241110 21:10:59.512"/>
</kw>
<status status="NOT RUN" starttime="20241110 21:10:59.512" endtime="20241110 21:10:59.512"/>
</iter>
<status status="NOT RUN" starttime="20241110 21:10:59.512" endtime="20241110 21:10:59.512"/>
</for>
<status status="NOT RUN" starttime="20241110 21:10:59.511" endtime="20241110 21:10:59.512"/>
</branch>
<branch type="ELSE IF" condition="${index_menu_1} == ${6}">
<kw name="Catenate" library="BuiltIn">
<var>${locator_menu_2}</var>
<arg>SEPARATOR=</arg>
<arg>(${notebook_search_locator['menu_level_1']})[${index_menu_1}]/a</arg>
<doc>Catenates the given items together and returns the resulted string.</doc>
<status status="NOT RUN" starttime="20241110 21:10:59.512" endtime="20241110 21:10:59.512"/>
</kw>
<kw name="Get Element Attribute" library="SeleniumLibrary">
<var>${menu_links}</var>
<arg>${locator_menu_2}</arg>
<arg>href</arg>
<doc>Returns the value of ``attribute`` from the element ``locator``.</doc>
<status status="NOT RUN" starttime="20241110 21:10:59.512" endtime="20241110 21:10:59.512"/>
</kw>
<kw name="Append To List" library="Collections">
<arg>${list}</arg>
<arg>${menu_links}</arg>
<doc>Adds ``values`` to the end of ``list``.</doc>
<status status="NOT RUN" starttime="20241110 21:10:59.512" endtime="20241110 21:10:59.512"/>
</kw>
<status status="NOT RUN" starttime="20241110 21:10:59.512" endtime="20241110 21:10:59.512"/>
</branch>
<status status="PASS" starttime="20241110 21:10:59.436" endtime="20241110 21:10:59.512"/>
</if>
<status status="PASS" starttime="20241110 21:10:59.156" endtime="20241110 21:10:59.512"/>
</iter>
<iter>
<var name="${index_menu_1}">5</var>
<kw name="Mouse Over" library="SeleniumLibrary">
<arg>(${notebook_search_locator['menu_level_1']})[${index_menu_1}]</arg>
<doc>Simulates hovering the mouse over the element ``locator``.</doc>
<msg timestamp="20241110 21:10:59.513" level="INFO">Simulating Mouse Over on element '(//ul[@class="desktop-menu"]/li)[5]'.</msg>
<status status="PASS" starttime="20241110 21:10:59.512" endtime="20241110 21:10:59.790"/>
</kw>
<kw name="Catenate" library="BuiltIn">
<var>${locator_menu_1}</var>
<arg>SEPARATOR=</arg>
<arg>(${notebook_search_locator['menu_level_1']})[${index_menu_1}]/ul/li</arg>
<doc>Catenates the given items together and returns the resulted string.</doc>
<msg timestamp="20241110 21:10:59.790" level="INFO">${locator_menu_1} = (//ul[@class="desktop-menu"]/li)[5]/ul/li</msg>
<status status="PASS" starttime="20241110 21:10:59.790" endtime="20241110 21:10:59.790"/>
</kw>
<kw name="Get Element Count" library="SeleniumLibrary">
<var>${total_menu_level_2}</var>
<arg>${locator_menu_1}</arg>
<doc>Returns the number of elements matching ``locator``.</doc>
<msg timestamp="20241110 21:10:59.803" level="INFO">${total_menu_level_2} = 0</msg>
<status status="PASS" starttime="20241110 21:10:59.790" endtime="20241110 21:10:59.803"/>
</kw>
<if>
<branch type="IF" condition="${index_menu_1} &lt; ${5}">
<for flavor="IN RANGE">
<var>${index_menu_2}</var>
<value>1</value>
<value>${total_menu_level_2}+1</value>
<iter>
<var name="${index_menu_2}"/>
<kw name="Catenate" library="BuiltIn">
<var>${locator_menu_2}</var>
<arg>SEPARATOR=</arg>
<arg>(${notebook_search_locator['menu_level_1']})[${index_menu_1}]/ul/li[${index_menu_2}]</arg>
<doc>Catenates the given items together and returns the resulted string.</doc>
<status status="NOT RUN" starttime="20241110 21:10:59.804" endtime="20241110 21:10:59.804"/>
</kw>
<kw name="Get Text" library="SeleniumLibrary">
<var>${menu_text}</var>
<arg>${locator_menu_2}</arg>
<doc>Returns the text value of the element identified by ``locator``.</doc>
<status status="NOT RUN" starttime="20241110 21:10:59.804" endtime="20241110 21:10:59.804"/>
</kw>
[...]
<status status="PASS" starttime="20241110 21:11:16.466" endtime="20241110 21:11:16.482"/>
</kw>
<kw name="Append To List" library="Collections">
<arg>${list_name}</arg>
<arg>${name_notebook}</arg>
<doc>Adds ``values`` to the end of ``list``.</doc>
<status status="PASS" starttime="20241110 21:11:16.482" endtime="20241110 21:11:16.482"/>
</kw>
<status status="PASS" starttime="20241110 21:11:16.449" endtime="20241110 21:11:16.482"/>
</iter>
<iter>
<var name="${index_name}">3</var>
<kw name="Wait Until Element Is Visible" library="SeleniumLibrary">
<arg>${notebook_search_locator['get_name_notebook']}</arg>
<arg>timeout=${10s_timeout}</arg>
<doc>Waits until the element ``locator`` is visible.</doc>
<status status="PASS" starttime="20241110 21:11:16.482" endtime="20241110 21:11:16.498"/>
</kw>
<kw name="Catenate" library="BuiltIn">
<var>${locator_name}</var>
<arg>SEPARATOR=</arg>
<arg>(${notebook_search_locator['get_name_notebook']})[${index_name}]</arg>
<arg>${notebook_search_locator['tail_section']}</arg>
<doc>Catenates the given items together and returns the resulted string.</doc>
<msg timestamp="20241110 21:11:16.499" level="INFO">${locator_name} = (//ul[@class="search-item-list"]/li)[3]/div[@class="item-detail"]/div[@class="item-info"]/a</msg>
<status status="PASS" starttime="20241110 21:11:16.498" endtime="20241110 21:11:16.499"/>
</kw>
<kw name="Get Text" library="SeleniumLibrary">
<var>${name_notebook}</var>
<arg>${locator_name}</arg>
<doc>Returns the text value of the element identified by ``locator``.</doc>
<msg timestamp="20241110 21:11:16.515" level="INFO">${name_notebook} = Apple Macbook Air 13" Silver Key-7C GPU/8GB/256GB</msg>
<status status="PASS" starttime="20241110 21:11:16.499" endtime="20241110 21:11:16.515"/>
</kw>
<kw name="Append To List" library="Collections">
<arg>${list_name}</arg>
<arg>${name_notebook}</arg>
<doc>Adds ``values`` to the end of ``list``.</doc>
<status status="PASS" starttime="20241110 21:11:16.515" endtime="20241110 21:11:16.515"/>
</kw>
<status status="PASS" starttime="20241110 21:11:16.482" endtime="20241110 21:11:16.515"/>
</iter>
<iter>
<var name="${index_name}">4</var>
<kw name="Wait Until Element Is Visible" library="SeleniumLibrary">
<arg>${notebook_search_locator['get_name_notebook']}</arg>
<arg>timeout=${10s_timeout}</arg>
<doc>Waits until the element ``locator`` is visible.</doc>
<status status="PASS" starttime="20241110 21:11:16.516" endtime="20241110 21:11:16.534"/>
</kw>
<kw name="Catenate" library="BuiltIn">
<var>${locator_name}</var>
<arg>SEPARATOR=</arg>
<arg>(${notebook_search_locator['get_name_notebook']})[${index_name}]</arg>
<arg>${notebook_search_locator['tail_section']}</arg>
<doc>Catenates the given items together and returns the resulted string.</doc>
<msg timestamp="20241110 21:11:16.535" level="INFO">${locator_name} = (//ul[@class="search-item-list"]/li)[4]/div[@class="item-detail"]/div[@class="item-info"]/a</msg>
<status status="PASS" starttime="20241110 21:11:16.534" endtime="20241110 21:11:16.535"/>
</kw>
<kw name="Get Text" library="SeleniumLibrary">
<var>${name_notebook}</var>
<arg>${locator_name}</arg>
<doc>Returns the text value of the element identified by ``locator``.</doc>
<msg timestamp="20241110 21:11:16.551" level="INFO">${name_notebook} = Apple Macbook Air 13" Gold Key-7C GPU/8GB/256GB</msg>
<status status="PASS" starttime="20241110 21:11:16.535" endtime="20241110 21:11:16.551"/>
</kw>
<kw name="Append To List" library="Collections">
<arg>${list_name}</arg>
<arg>${name_notebook}</arg>
<doc>Adds ``values`` to the end of ``list``.</doc>
<status status="PASS" starttime="20241110 21:11:16.551" endtime="20241110 21:11:16.552"/>
</kw>
<status status="PASS" starttime="20241110 21:11:16.515" endtime="20241110 21:11:16.552"/>
</iter>
<iter>
<var name="${index_name}">5</var>
<kw name="Wait Until Element Is Visible" library="SeleniumLibrary">
<arg>${notebook_search_locator['get_name_notebook']}</arg>
<arg>timeout=${10s_timeout}</arg>
<doc>Waits until the element ``locator`` is visible.</doc>
<status status="PASS" starttime="20241110 21:11:16.552" endtime="20241110 21:11:16.567"/>
</kw>
<kw name="Catenate" library="BuiltIn">
<var>${locator_name}</var>
<arg>SEPARATOR=</arg>
<arg>(${notebook_search_locator['get_name_notebook']})[${index_name}]</arg>
<arg>${notebook_search_locator['tail_section']}</arg>
<doc>Catenates the given items together and returns the resulted string.</doc>
<msg timestamp="20241110 21:11:16.568" level="INFO">${locator_name} = (//ul[@class="search-item-list"]/li)[5]/div[@class="item-detail"]/div[@class="item-info"]/a</msg>
<status status="PASS" starttime="20241110 21:11:16.567" endtime="20241110 21:11:16.568"/>
</kw>
<kw name="Get Text" library="SeleniumLibrary">
<var>${name_notebook}</var>
<arg>${locator_name}</arg>
<doc>Returns the text value of the element identified by ``locator``.</doc>
<msg timestamp="20241110 21:11:16.583" level="INFO">${name_notebook} = Apple Macbook Air 13" Space grey Key-7C GPU/8GB/256GB</msg>
<status status="PASS" starttime="20241110 21:11:16.568" endtime="20241110 21:11:16.583"/>
</kw>
<kw name="Append To List" library="Collections">
<arg>${list_name}</arg>
<arg>${name_notebook}</arg>
<doc>Adds ``values`` to the end of ``list``.</doc>
<status status="PASS" starttime="20241110 21:11:16.583" endtime="20241110 21:11:16.584"/>
</kw>
<status status="PASS" starttime="20241110 21:11:16.552" endtime="20241110 21:11:16.584"/>
</iter>
<status status="PASS" starttime="20241110 21:11:16.415" endtime="20241110 21:11:16.584"/>
</for>
<status status="PASS" starttime="20241110 21:11:15.733" endtime="20241110 21:11:16.584"/>
</iter>
<status status="PASS" starttime="20241110 21:11:11.699" endtime="20241110 21:11:16.584"/>
</for>
<kw name="Create List" library="BuiltIn">
<var>@{list}</var>
<doc>Returns a list containing given items.</doc>
<msg timestamp="20241110 21:11:16.584" level="INFO">@{list} = [ ]</msg>
<status status="PASS" starttime="20241110 21:11:16.584" endtime="20241110 21:11:16.584"/>
</kw>
<kw name="Split String" library="String">
<var>@{list}</var>
<arg>${text_result}</arg>
<doc>Splits the ``string`` using ``separator`` as a delimiter string.</doc>
<msg timestamp="20241110 21:11:16.584" level="INFO">@{list} = [ โน็ตบุ๊ค | 68 | รุ่น ]</msg>
<status status="PASS" starttime="20241110 21:11:16.584" endtime="20241110 21:11:16.584"/>
</kw>
<kw name="Set Variable" library="BuiltIn">
<var>${get_total_show}</var>
<arg>${0}</arg>
<doc>Returns the given values which can then be assigned to a variables.</doc>
<msg timestamp="20241110 21:11:16.585" level="INFO">${get_total_show} = 0</msg>
<status status="PASS" starttime="20241110 21:11:16.584" endtime="20241110 21:11:16.585"/>
</kw>
<for flavor="IN">
<var>${index}</var>
<value>@{list}</value>
<iter>
<var name="${index}">โน็ตบุ๊ค</var>
<kw name="Run Keyword And Return Status" library="BuiltIn">
<var>${status}</var>
<arg>BuiltIn.Convert To Integer</arg>
<arg>${index}</arg>
<doc>Runs the given keyword with given arguments and returns the status as a Boolean value.</doc>
<kw name="Convert To Integer" library="BuiltIn">
<arg>${index}</arg>
<doc>Converts the given item to an integer number.</doc>
<msg timestamp="20241110 21:11:16.585" level="FAIL">'โน็ตบุ๊ค' cannot be converted to an integer: ValueError: invalid literal for int() with base 10: 'โน็ตบุ๊ค'</msg>
<status status="FAIL" starttime="20241110 21:11:16.585" endtime="20241110 21:11:16.588"/>
</kw>
<msg timestamp="20241110 21:11:16.588" level="INFO">${status} = False</msg>
<status status="PASS" starttime="20241110 21:11:16.585" endtime="20241110 21:11:16.588"/>
</kw>
<if>
<branch type="IF" condition="${status}">
<kw name="Evaluate" library="BuiltIn">
<var>${get_total_show}</var>
<arg>${get_total_show}+${index}</arg>
<doc>Evaluates the given expression in Python and returns the result.</doc>
<status status="NOT RUN" starttime="20241110 21:11:16.588" endtime="20241110 21:11:16.588"/>
</kw>
<status status="NOT RUN" starttime="20241110 21:11:16.588" endtime="20241110 21:11:16.588"/>
</branch>
<status status="PASS" starttime="20241110 21:11:16.588" endtime="20241110 21:11:16.588"/>
</if>
<status status="PASS" starttime="20241110 21:11:16.585" endtime="20241110 21:11:16.588"/>
</iter>
<iter>
<var name="${index}">68</var>
<kw name="Run Keyword And Return Status" library="BuiltIn">
<var>${status}</var>
<arg>BuiltIn.Convert To Integer</arg>
<arg>${index}</arg>
<doc>Runs the given keyword with given arguments and returns the status as a Boolean value.</doc>
<kw name="Convert To Integer" library="BuiltIn">
<arg>${index}</arg>
<doc>Converts the given item to an integer number.</doc>
<status status="PASS" starttime="20241110 21:11:16.589" endtime="20241110 21:11:16.589"/>
</kw>
<msg timestamp="20241110 21:11:16.589" level="INFO">${status} = True</msg>
<status status="PASS" starttime="20241110 21:11:16.589" endtime="20241110 21:11:16.589"/>
</kw>
<if>
<branch type="IF" condition="${status}">
<kw name="Evaluate" library="BuiltIn">
<var>${get_total_show}</var>
<arg>${get_total_show}+${index}</arg>
<doc>Evaluates the given expression in Python and returns the result.</doc>
<msg timestamp="20241110 21:11:16.589" level="INFO">${get_total_show} = 68</msg>
<status status="PASS" starttime="20241110 21:11:16.589" endtime="20241110 21:11:16.589"/>
</kw>
<status status="PASS" starttime="20241110 21:11:16.589" endtime="20241110 21:11:16.589"/>
</branch>
<status status="PASS" starttime="20241110 21:11:16.589" endtime="20241110 21:11:16.589"/>
</if>
<status status="PASS" starttime="20241110 21:11:16.589" endtime="20241110 21:11:16.589"/>
</iter>
<iter>
<var name="${index}">รุ่น</var>
<kw name="Run Keyword And Return Status" library="BuiltIn">
<var>${status}</var>
<arg>BuiltIn.Convert To Integer</arg>
<arg>${index}</arg>
<doc>Runs the given keyword with given arguments and returns the status as a Boolean value.</doc>
<kw name="Convert To Integer" library="BuiltIn">
<arg>${index}</arg>
<doc>Converts the given item to an integer number.</doc>
<msg timestamp="20241110 21:11:16.591" level="FAIL">'รุ่น' cannot be converted to an integer: ValueError: invalid literal for int() with base 10: 'รุ่น'</msg>
<status status="FAIL" starttime="20241110 21:11:16.590" endtime="20241110 21:11:16.591"/>
</kw>
<msg timestamp="20241110 21:11:16.591" level="INFO">${status} = False</msg>
<status status="PASS" starttime="20241110 21:11:16.590" endtime="20241110 21:11:16.591"/>
</kw>
<if>
<branch type="IF" condition="${status}">
<kw name="Evaluate" library="BuiltIn">
<var>${get_total_show}</var>
<arg>${get_total_show}+${index}</arg>
<doc>Evaluates the given expression in Python and returns the result.</doc>
<status status="NOT RUN" starttime="20241110 21:11:16.591" endtime="20241110 21:11:16.591"/>
</kw>
<status status="NOT RUN" starttime="20241110 21:11:16.591" endtime="20241110 21:11:16.591"/>
</branch>
<status status="PASS" starttime="20241110 21:11:16.591" endtime="20241110 21:11:16.591"/>
</if>
<status status="PASS" starttime="20241110 21:11:16.589" endtime="20241110 21:11:16.591"/>
</iter>
<status status="PASS" starttime="20241110 21:11:16.585" endtime="20241110 21:11:16.591"/>
</for>
<msg timestamp="20241110 21:11:16.591" level="INFO">${data_total_show} = 68</msg>
<msg timestamp="20241110 21:11:16.591" level="INFO">${data_result_total} = 68</msg>
<msg timestamp="20241110 21:11:16.592" level="INFO">@{list_name} = [ Apple MacBook Pro 14-MXE13TH/A | Apple MacBook Pro 14-MXE03TH/A | Apple MacBook Air 15-MXD13TH/A | Apple MacBook Air 15-MXD23TH/A | Apple MacBook Air 15-MXD33TH/A | Apple MacBook Air 15-MXD43TH/A | ...</msg>
<status status="PASS" starttime="20241110 21:11:10.679" endtime="20241110 21:11:16.592"/>
</kw>
<kw name="Run Keyword And Return Status" library="BuiltIn">
<var>${status}</var>
<arg>BuiltIn.Should be Equal</arg>
<arg>${data_total_show}</arg>
<arg>${data_result_total}</arg>
<doc>Runs the given keyword with given arguments and returns the status as a Boolean value.</doc>
<kw name="Should Be Equal" library="BuiltIn">
<arg>${data_total_show}</arg>
<arg>${data_result_total}</arg>
<doc>Fails if the given objects are unequal.</doc>
<status status="PASS" starttime="20241110 21:11:16.592" endtime="20241110 21:11:16.592"/>
</kw>
<msg timestamp="20241110 21:11:16.592" level="INFO">${status} = True</msg>
<status status="PASS" starttime="20241110 21:11:16.592" endtime="20241110 21:11:16.592"/>
</kw>
<kw name="Set Suite Variable" library="BuiltIn">
<arg>@{list}</arg>
<arg>@{list_name}</arg>
<doc>Makes a variable available everywhere within the scope of the current suite.</doc>
<msg timestamp="20241110 21:11:16.593" level="INFO">@{list} = [ Apple MacBook Pro 14-MXE13TH/A | Apple MacBook Pro 14-MXE03TH/A | Apple MacBook Air 15-MXD13TH/A | Apple MacBook Air 15-MXD23TH/A | Apple MacBook Air 15-MXD33TH/A | Apple MacBook Air 15-MXD43TH/A | ...</msg>
<status status="PASS" starttime="20241110 21:11:16.593" endtime="20241110 21:11:16.593"/>
</kw>
<status status="PASS" starttime="20241110 21:11:10.679" endtime="20241110 21:11:16.593"/>
</test>
<test id="s1-t5" name="tc_05" line="27">
<kw name="Log To Console" library="BuiltIn">
<arg>${list}</arg>
<doc>Logs the given message to the console.</doc>
<status status="PASS" starttime="20241110 21:11:16.595" endtime="20241110 21:11:16.597"/>
</kw>
<status status="PASS" starttime="20241110 21:11:16.595" endtime="20241110 21:11:16.597"/>
</test>
<status status="PASS" starttime="20241110 21:10:53.878" endtime="20241110 21:11:16.598"/>
</suite>
<statistics>
<total>
<stat pass="5" fail="0" skip="0">All Tests</stat>
</total>
<tag>
</tag>
<suite>
<stat pass="5" fail="0" skip="0" id="s1" name="Tc01">Tc01</stat>
</suite>
</statistics>
<errors>
<msg timestamp="20241110 21:10:54.101" level="ERROR">Error in file 'D:\สอน\resources\import.robot' on line 4: Importing library 'ExcelLibrary' failed: ModuleNotFoundError: No module named 'ExcelLibrary'
Traceback (most recent call last):
  None
PYTHONPATH:
  C:\Users\pforc\AppData\Local\Programs\Python\Python313\Scripts\robot.exe
  C:\Users\pforc\AppData\Local\Programs\Python\Python313\python313.zip
  C:\Users\pforc\AppData\Local\Programs\Python\Python313\DLLs
  C:\Users\pforc\AppData\Local\Programs\Python\Python313\Lib
  C:\Users\pforc\AppData\Local\Programs\Python\Python313
  C:\Users\pforc\AppData\Local\Programs\Python\Python313\Lib\site-packages</msg>
<msg timestamp="20241110 21:10:54.103" level="ERROR">Error in file 'D:\สอน\resources\import.robot' on line 5: Importing library 'DatabaseLibrary' failed: ModuleNotFoundError: No module named 'DatabaseLibrary'
Traceback (most recent call last):
  None
PYTHONPATH:
  C:\Users\pforc\AppData\Local\Programs\Python\Python313\Scripts\robot.exe
  C:\Users\pforc\AppData\Local\Programs\Python\Python313\python313.zip
  C:\Users\pforc\AppData\Local\Programs\Python\Python313\DLLs
  C:\Users\pforc\AppData\Local\Programs\Python\Python313\Lib
  C:\Users\pforc\AppData\Local\Programs\Python\Python313
  C:\Users\pforc\AppData\Local\Programs\Python\Python313\Lib\site-packages</msg>
<msg timestamp="20241110 21:10:54.112" level="ERROR">Error in file 'D:\สอน\resources\import.robot' on line 7: Importing library 'Pdf2TextLibrary' failed: ModuleNotFoundError: No module named 'Pdf2TextLibrary'
Traceback (most recent call last):
  None
PYTHONPATH:
  C:\Users\pforc\AppData\Local\Programs\Python\Python313\Scripts\robot.exe
  C:\Users\pforc\AppData\Local\Programs\Python\Python313\python313.zip
  C:\Users\pforc\AppData\Local\Programs\Python\Python313\DLLs
  C:\Users\pforc\AppData\Local\Programs\Python\Python313\Lib
  C:\Users\pforc\AppData\Local\Programs\Python\Python313
  C:\Users\pforc\AppData\Local\Programs\Python\Python313\Lib\site-packages</msg>
<msg timestamp="20241110 21:10:54.126" level="ERROR">Error in file 'D:\สอน\resources\import.robot' on line 11: Importing library 'ImapLibrary2' failed: ModuleNotFoundError: No module named 'ImapLibrary2'
Traceback (most recent call last):
  None
PYTHONPATH:
  C:\Users\pforc\AppData\Local\Programs\Python\Python313\Scripts\robot.exe
  C:\Users\pforc\AppData\Local\Programs\Python\Python313\python313.zip
  C:\Users\pforc\AppData\Local\Programs\Python\Python313\DLLs
  C:\Users\pforc\AppData\Local\Programs\Python\Python313\Lib
  C:\Users\pforc\AppData\Local\Programs\Python\Python313
  C:\Users\pforc\AppData\Local\Programs\Python\Python313\Lib\site-packages</msg>
<msg timestamp="20241110 21:10:54.130" level="ERROR">Error in file 'D:\สอน\resources\import.robot' on line 12: Importing library 'BrowserMobProxyLibrary' failed: ModuleNotFoundError: No module named 'BrowserMobProxyLibrary'
Traceback (most recent call last):
  None
PYTHONPATH:
  C:\Users\pforc\AppData\Local\Programs\Python\Python313\Scripts\robot.exe
  C:\Users\pforc\AppData\Local\Programs\Python\Python313\python313.zip
  C:\Users\pforc\AppData\Local\Programs\Python\Python313\DLLs
  C:\Users\pforc\AppData\Local\Programs\Python\Python313\Lib
  C:\Users\pforc\AppData\Local\Programs\Python\Python313
  C:\Users\pforc\AppData\Local\Programs\Python\Python313\Lib\site-packages</msg>
<msg timestamp="20241110 21:10:54.133" level="ERROR">Error in file 'D:\สอน\resources\import.robot' on line 13: Importing library 'JSONLibrary' failed: ModuleNotFoundError: No module named 'JSONLibrary'
Traceback (most recent call last):
  None
PYTHONPATH:
  C:\Users\pforc\AppData\Local\Programs\Python\Python313\Scripts\robot.exe
  C:\Users\pforc\AppData\Local\Programs\Python\Python313\python313.zip
  C:\Users\pforc\AppData\Local\Programs\Python\Python313\DLLs
  C:\Users\pforc\AppData\Local\Programs\Python\Python313\Lib
  C:\Users\pforc\AppData\Local\Programs\Python\Python313
  C:\Users\pforc\AppData\Local\Programs\Python\Python313\Lib\site-packages</msg>
<msg timestamp="20241110 21:10:54.136" level="ERROR">Error in file 'D:\สอน\resources\import.robot' on line 14: Importing library 'DebugLibrary' failed: ModuleNotFoundError: No module named 'DebugLibrary'
Traceback (most recent call last):
  None
PYTHONPATH:
  C:\Users\pforc\AppData\Local\Programs\Python\Python313\Scripts\robot.exe
  C:\Users\pforc\AppData\Local\Programs\Python\Python313\python313.zip
  C:\Users\pforc\AppData\Local\Programs\Python\Python313\DLLs
  C:\Users\pforc\AppData\Local\Programs\Python\Python313\Lib
  C:\Users\pforc\AppData\Local\Programs\Python\Python313
  C:\Users\pforc\AppData\Local\Programs\Python\Python313\Lib\site-packages</msg>
<msg timestamp="20241110 21:10:54.674" level="ERROR">Error in file 'D:\สอน\resources\import.robot' on line 16: Importing library 'REST' failed: ModuleNotFoundError: No module named 'pkg_resources'
Traceback (most recent call last):
  File "C:\Users\pforc\AppData\Local\Programs\Python\Python313\Lib\site-packages\REST\__init__.py", line 18, in &lt;module&gt;
    from .keywords import Keywords
  File "C:\Users\pforc\AppData\Local\Programs\Python\Python313\Lib\site-packages\REST\keywords.py", line 15, in &lt;module&gt;
    from flex.core import validate_api_call
  File "C:\Users\pforc\AppData\Local\Programs\Python\Python313\Lib\site-packages\flex\__init__.py", line 6, in &lt;module&gt;
    import pkg_resources
PYTHONPATH:
  C:\Users\pforc\AppData\Local\Programs\Python\Python313\Scripts\robot.exe
  C:\Users\pforc\AppData\Local\Programs\Python\Python313\python313.zip
  C:\Users\pforc\AppData\Local\Programs\Python\Python313\DLLs
  C:\Users\pforc\AppData\Local\Programs\Python\Python313\Lib
  C:\Users\pforc\AppData\Local\Programs\Python\Python313
  C:\Users\pforc\AppData\Local\Programs\Python\Python313\Lib\site-packages</msg>
<msg timestamp="20241110 21:10:54.694" level="ERROR">Error in file 'D:\สอน\resources\import.robot' on line 28: Processing variable file 'D:\สอน\resources\translation\th.yaml' failed: YAML variable file must be a mapping, got None.</msg>
<msg timestamp="20241110 21:10:54.700" level="WARN">Imported resource file 'D:\สอน\keywords\ui\locator\common_locator.robot' is empty.</msg>
</errors>
</robot>
