<?xml version="1.0" encoding="UTF-8"?>
<robot generator="Robot 7.1.1 (Python 3.13.0 on win32)" generated="2024-11-29T10:03:03.572240" rpa="false" schemaversion="5">
<suite id="s1" name="T01" source="D:\สอน\testcase\t01.robot">
<test id="s1-t1" name="tc_01" line="9">
<kw name="Create Dictionary" owner="BuiltIn">
<msg time="2024-11-29T10:03:05.173719" level="INFO">&amp;{menu} = { }</msg>
<var>&amp;{menu}</var>
<doc>Creates and returns a dictionary based on the given ``items``.</doc>
<status status="PASS" start="2024-11-29T10:03:05.173491" elapsed="0.000267"/>
</kw>
<kw name="Set To Dictionary" owner="Collections">
<arg>${menu}</arg>
<arg>m1</arg>
<arg>got</arg>
<doc>Adds the given ``key_value_pairs`` and/or ``items`` to the ``dictionary``.</doc>
<status status="PASS" start="2024-11-29T10:03:05.174062" elapsed="0.000186"/>
</kw>
<kw name="Create Dictionary" owner="BuiltIn">
<msg time="2024-11-29T10:03:05.174621" level="INFO">&amp;{m1_lv2} = { }</msg>
<var>&amp;{m1_lv2}</var>
<doc>Creates and returns a dictionary based on the given ``items``.</doc>
<status status="PASS" start="2024-11-29T10:03:05.174466" elapsed="0.000185"/>
</kw>
<kw name="Set To Dictionary" owner="Collections">
<arg>${m1_lv2}</arg>
<arg>n1</arg>
<arg>zilla</arg>
<arg>n2</arg>
<arg>555</arg>
<doc>Adds the given ``key_value_pairs`` and/or ``items`` to the ``dictionary``.</doc>
<status status="PASS" start="2024-11-29T10:03:05.174842" elapsed="0.000137"/>
</kw>
<kw name="Set To Dictionary" owner="Collections">
<arg>${menu}</arg>
<arg>m1_lv2</arg>
<arg>${m1_lv2}</arg>
<doc>Adds the given ``key_value_pairs`` and/or ``items`` to the ``dictionary``.</doc>
<status status="PASS" start="2024-11-29T10:03:05.175183" elapsed="0.000141"/>
</kw>
<kw name="Log To Console" owner="BuiltIn">
<arg>${menu}</arg>
<doc>Logs the given message to the console.</doc>
<status status="PASS" start="2024-11-29T10:03:05.176006" elapsed="0.000302"/>
</kw>
<kw name="Log To Console" owner="BuiltIn">
<arg>${menu['m1']}</arg>
<doc>Logs the given message to the console.</doc>
<status status="PASS" start="2024-11-29T10:03:05.176512" elapsed="0.000634"/>
</kw>
<kw name="Log To Console" owner="BuiltIn">
<arg>${menu['m1_lv2']}</arg>
<doc>Logs the given message to the console.</doc>
<status status="PASS" start="2024-11-29T10:03:05.177427" elapsed="0.001469"/>
</kw>
<kw name="Log To Console" owner="BuiltIn">
<arg>${menu['m1_lv2']['n1']}</arg>
<doc>Logs the given message to the console.</doc>
<status status="PASS" start="2024-11-29T10:03:05.179261" elapsed="0.000676"/>
</kw>
<status status="PASS" start="2024-11-29T10:03:05.172803" elapsed="0.007511"/>
</test>
<status status="PASS" start="2024-11-29T10:03:03.573593" elapsed="1.607613"/>
</suite>
<statistics>
<total>
<stat pass="1" fail="0" skip="0">All Tests</stat>
</total>
<tag>
</tag>
<suite>
<stat pass="1" fail="0" skip="0" id="s1" name="T01">T01</stat>
</suite>
</statistics>
<errors>
</errors>
</robot>
